Log file open, 03/07/22 12:38:48
LogWindows: Failed to load 'aqProf.dll' (GetLastError=126)
LogWindows: File 'aqProf.dll' does not exist
LogWindows: Failed to load 'VtuneApi.dll' (GetLastError=126)
LogWindows: File 'VtuneApi.dll' does not exist
LogWindows: Failed to load 'VtuneApi32e.dll' (GetLastError=126)
LogWindows: File 'VtuneApi32e.dll' does not exist
LogConsoleResponse: Display: Failed to find resolution value strings in scalability ini. Falling back to default.
LogConsoleResponse: Display: Failed to find resolution value strings in scalability ini. Falling back to default.
LogInit: Display: Running engine for game: HowlOfIron
LogPlatformFile: Not using cached read wrapper
LogTaskGraph: Started task graph with 5 named threads and 83 total threads with 3 sets of task threads.
LogStats: Stats thread started at 0.275474
LogICUInternationalization: ICU TimeZone Detection - Raw Offset: +1:00, Platform Override: ''
LogInit: Display: Loading text-based GConfig....
LogPluginManager: Mounting plugin MeshPainting
LogPluginManager: Mounting plugin XGEController
LogPluginManager: Mounting plugin Paper2D
LogPluginManager: Mounting plugin AISupport
LogPluginManager: Mounting plugin EnvironmentQueryEditor
LogPluginManager: Mounting plugin OodleData
LogPluginManager: Mounting plugin LightPropagationVolume
LogPluginManager: Mounting plugin CameraShakePreviewer
LogPluginManager: Mounting plugin CurveEditorTools
LogPluginManager: Mounting plugin GameplayCameras
LogPluginManager: Mounting plugin OodleNetwork
LogPluginManager: Mounting plugin CryptoKeys
LogPluginManager: Mounting plugin AssetManagerEditor
LogPluginManager: Mounting plugin FacialAnimation
LogPluginManager: Mounting plugin GameplayTagsEditor
LogPluginManager: Mounting plugin MacGraphicsSwitching
LogPluginManager: Mounting plugin GeometryMode
LogPluginManager: Mounting plugin MaterialAnalyzer
LogPluginManager: Mounting plugin DataValidation
LogPluginManager: Mounting plugin SpeedTreeImporter
LogPluginManager: Mounting plugin MobileLauncherProfileWizard
LogPluginManager: Mounting plugin AutomationUtils
LogPluginManager: Mounting plugin PluginBrowser
LogPluginManager: Mounting plugin AlembicImporter
LogPluginManager: Mounting plugin ChaosNiagara
LogPluginManager: Mounting plugin BackChannel
LogPluginManager: Mounting plugin ChaosSolverPlugin
LogPluginManager: Mounting plugin ChaosEditor
LogPluginManager: Mounting plugin CharacterAI
LogPluginManager: Mounting plugin ChaosClothEditor
LogPluginManager: Mounting plugin ChaosCloth
LogPluginManager: Mounting plugin GeometryCollectionPlugin
LogPluginManager: Mounting plugin GeometryCache
LogPluginManager: Mounting plugin GeometryProcessing
LogPluginManager: Mounting plugin OpenImageDenoise
LogPluginManager: Mounting plugin MotoSynth
LogPluginManager: Mounting plugin PlatformCrypto
LogPluginManager: Mounting plugin ProxyLODPlugin
LogPluginManager: Mounting plugin PythonScriptPlugin
LogPluginManager: Mounting plugin PlanarCut
LogPluginManager: Mounting plugin SkeletalReduction
LogPluginManager: Mounting plugin DatasmithContent
LogPluginManager: Mounting plugin VariantManagerContent
LogPluginManager: Mounting plugin MagicLeap
LogPluginManager: Mounting plugin LuminPlatformFeatures
LogPluginManager: Mounting plugin MagicLeapMedia
LogPluginManager: Mounting plugin MagicLeapLightEstimation
LogPluginManager: Mounting plugin Niagara
LogPluginManager: Mounting plugin MagicLeapPassableWorld
LogPluginManager: Mounting plugin TemplateSequence
LogPluginManager: Mounting plugin MLSDK
LogPluginManager: Mounting plugin ActorSequence
LogPluginManager: Mounting plugin TcpMessaging
LogPluginManager: Mounting plugin MatineeToLevelSequence
LogPluginManager: Mounting plugin LevelSequenceEditor
LogPluginManager: Mounting plugin AndroidMedia
LogPluginManager: Mounting plugin OnlineSubsystem
LogPluginManager: Mounting plugin AvfMedia
LogPluginManager: Mounting plugin ImgMedia
LogPluginManager: Mounting plugin OnlineSubsystemNull
LogPluginManager: Mounting plugin UdpMessaging
LogPluginManager: Mounting plugin MediaCompositing
LogPluginManager: Mounting plugin LauncherChunkInstaller
LogPluginManager: Mounting plugin OnlineSubsystemUtils
LogPluginManager: Mounting plugin MediaPlayerEditor
LogPluginManager: Mounting plugin WmfMedia
LogPluginManager: Mounting plugin WebMMedia
LogPluginManager: Mounting plugin ActorLayerUtilities
LogPluginManager: Mounting plugin AndroidMoviePlayer
LogPluginManager: Mounting plugin AppleImageUtils
LogPluginManager: Mounting plugin ScreenshotTools
LogPluginManager: Mounting plugin AndroidDeviceProfileSelector
LogPluginManager: Mounting plugin AndroidPermission
LogPluginManager: Mounting plugin ArchVisCharacter
LogPluginManager: Mounting plugin AppleMoviePlayer
LogPluginManager: Mounting plugin AudioCapture
LogPluginManager: Mounting plugin EditableMesh
LogPluginManager: Mounting plugin ChunkDownloader
LogPluginManager: Mounting plugin AssetTags
LogPluginManager: Mounting plugin AudioSynesthesia
LogPluginManager: Mounting plugin CableComponent
LogPluginManager: Mounting plugin CustomMeshComponent
LogPluginManager: Mounting plugin DataRegistry
LogPluginManager: Mounting plugin GameplayAbilities
LogPluginManager: Mounting plugin ExampleDeviceProfileSelector
LogPluginManager: Mounting plugin IOSDeviceProfileSelector
LogPluginManager: Mounting plugin GooglePAD
LogPluginManager: Mounting plugin GoogleCloudMessaging
LogPluginManager: Mounting plugin LocationServicesBPLibrary
LogPluginManager: Mounting plugin LinuxDeviceProfileSelector
LogPluginManager: Mounting plugin MobilePatchingUtils
LogPluginManager: Mounting plugin OpenXRHandTracking
LogPluginManager: Mounting plugin OpenXREyeTracker
LogPluginManager: Mounting plugin OpenXR
LogPluginManager: Mounting plugin ProceduralMeshComponent
LogPluginManager: Mounting plugin PostSplashScreen
LogPluginManager: Mounting plugin PhysXVehicles
LogPluginManager: Mounting plugin RuntimePhysXCooking
LogPluginManager: Mounting plugin PropertyAccessEditor
LogPluginManager: Mounting plugin SignificanceManager
LogPluginManager: Mounting plugin SoundFields
LogPluginManager: Mounting plugin Synthesis
LogPluginManager: Mounting plugin WindowsMoviePlayer
LogPluginManager: Mounting plugin WebMMoviePlayer
LogPluginManager: Mounting plugin KDevelopSourceCodeAccess
LogPluginManager: Mounting plugin Takes
LogPluginManager: Mounting plugin PlasticSourceControl
LogPluginManager: Mounting plugin CLionSourceCodeAccess
LogPluginManager: Mounting plugin CodeLiteSourceCodeAccess
LogPluginManager: Mounting plugin AnimationSharing
LogPluginManager: Mounting plugin GitSourceControl
LogPluginManager: Mounting plugin NullSourceCodeAccess
LogPluginManager: Mounting plugin PluginUtils
LogPluginManager: Mounting plugin PropertyAccessNode
LogPluginManager: Mounting plugin TextureFormatOodle
LogPluginManager: Mounting plugin SubversionSourceControl
LogPluginManager: Mounting plugin PerforceSourceControl
LogPluginManager: Mounting plugin PixWinPlugin
LogPluginManager: Mounting plugin RiderSourceCodeAccess
LogPluginManager: Mounting plugin VisualStudioSourceCodeAccess
LogPluginManager: Mounting plugin UObjectPlugin
LogPluginManager: Mounting plugin VisualStudioCodeSourceCodeAccess
LogPluginManager: Mounting plugin XCodeSourceCodeAccess
LogPluginManager: Mounting plugin LiveLink
LogPluginManager: Mounting plugin ContentBrowserAssetDataSource
LogPluginManager: Mounting plugin ContentBrowserClassDataSource
LogPluginManager: Mounting plugin ContentBrowserFileDataSource
LogPluginManager: Mounting plugin OnlineSubsystemGooglePlay
LogPluginManager: Mounting plugin OnlineSubsystemIOS
LogPluginManager: Mounting plugin OculusVR
LogPluginManager: Mounting plugin SteamVR
LogInit: Using libcurl 7.55.1-DEV
LogInit:  - built for x86_64-pc-win32
LogInit:  - supports SSL with OpenSSL/1.1.1
LogInit:  - supports HTTP deflate (compression) using libz 1.2.8
LogInit:  - other features:
LogInit:      CURL_VERSION_SSL
LogInit:      CURL_VERSION_LIBZ
LogInit:      CURL_VERSION_IPV6
LogInit:      CURL_VERSION_ASYNCHDNS
LogInit:      CURL_VERSION_LARGEFILE
LogInit:      CURL_VERSION_IDN
LogInit:  CurlRequestOptions (configurable via config and command line):
LogInit:  - bVerifyPeer = true  - Libcurl will verify peer certificate
LogInit:  - bUseHttpProxy = false  - Libcurl will NOT use HTTP proxy
LogInit:  - bDontReuseConnections = false  - Libcurl will reuse connections
LogInit:  - MaxHostConnections = 16  - Libcurl will limit the number of connections to a host
LogInit:  - LocalHostAddr = Default
LogInit:  - BufferSize = 65536
LogOnline: OSS: Creating online subsystem instance for: NULL
LogInit: WinSock: version 1.1 (2.2), MaxSocks=32767, MaxUdp=65467
LogOnline: OSS: TryLoadSubsystemAndSetDefault: Loaded subsystem for module [NULL]
PixWinPlugin: PIX capture plugin failed to initialize! Check that the process is launched from PIX.
LogOculusPluginWrapper: OculusPlugin initialized successfully
LogHMD: Failed initializing OVRPlugin 1.59.0
LogInit: Build: ++UE4+Release-4.27-CL-18319896
LogInit: Engine Version: 4.27.2-18319896+++UE4+Release-4.27
LogInit: Compatible Engine Version: 4.27.0-17155196+++UE4+Release-4.27
LogInit: Net CL: 17155196
LogInit: OS: Windows 10 (Release 2009) (), CPU: Intel(R) Core(TM) i9-10980XE CPU @ 3.00GHz, GPU: NVIDIA GeForce RTX 3080
LogInit: Compiled (64-bit): Nov 30 2021 07:12:08
LogInit: Compiled with Visual C++: 19.24.28315.00
LogInit: Build Configuration: Development
LogInit: Branch Name: ++UE4+Release-4.27
LogInit: Command Line: 
LogInit: Base Directory: C:/Program Files/Epic Games/UE_4.27/Engine/Binaries/Win64/
LogInit: Allocator: TBB
LogInit: Installed Engine Build: 1
LogDevObjectVersion: Number of dev versions registered: 29
LogDevObjectVersion:   Dev-Blueprints (B0D832E4-1F89-4F0D-ACCF-7EB736FD4AA2): 10
LogDevObjectVersion:   Dev-Build (E1C64328-A22C-4D53-A36C-8E866417BD8C): 0
LogDevObjectVersion:   Dev-Core (375EC13C-06E4-48FB-B500-84F0262A717E): 4
LogDevObjectVersion:   Dev-Editor (E4B068ED-F494-42E9-A231-DA0B2E46BB41): 40
LogDevObjectVersion:   Dev-Framework (CFFC743F-43B0-4480-9391-14DF171D2073): 37
LogDevObjectVersion:   Dev-Mobile (B02B49B5-BB20-44E9-A304-32B752E40360): 3
LogDevObjectVersion:   Dev-Networking (A4E4105C-59A1-49B5-A7C5-40C4547EDFEE): 0
LogDevObjectVersion:   Dev-Online (39C831C9-5AE6-47DC-9A44-9C173E1C8E7C): 0
LogDevObjectVersion:   Dev-Physics (78F01B33-EBEA-4F98-B9B4-84EACCB95AA2): 14
LogDevObjectVersion:   Dev-Platform (6631380F-2D4D-43E0-8009-CF276956A95A): 0
LogDevObjectVersion:   Dev-Rendering (12F88B9F-8875-4AFC-A67C-D90C383ABD29): 45
LogDevObjectVersion:   Dev-Sequencer (7B5AE74C-D270-4C10-A958-57980B212A5A): 13
LogDevObjectVersion:   Dev-VR (D7296918-1DD6-4BDD-9DE2-64A83CC13884): 3
LogDevObjectVersion:   Dev-LoadTimes (C2A15278-BFE7-4AFE-6C17-90FF531DF755): 1
LogDevObjectVersion:   Private-Geometry (6EACA3D4-40EC-4CC1-B786-8BED09428FC5): 3
LogDevObjectVersion:   Dev-AnimPhys (29E575DD-E0A3-4627-9D10-D276232CDCEA): 17
LogDevObjectVersion:   Dev-Anim (AF43A65D-7FD3-4947-9873-3E8ED9C1BB05): 15
LogDevObjectVersion:   Dev-ReflectionCapture (6B266CEC-1EC7-4B8F-A30B-E4D90942FC07): 1
LogDevObjectVersion:   Dev-Automation (0DF73D61-A23F-47EA-B727-89E90C41499A): 1
LogDevObjectVersion:   FortniteMain (601D1886-AC64-4F84-AA16-D3DE0DEAC7D6): 47
LogDevObjectVersion:   FortniteRelease (E7086368-6B23-4C58-8439-1B7016265E91): 1
LogDevObjectVersion:   Dev-Enterprise (9DFFBCD6-494F-0158-E221-12823C92A888): 10
LogDevObjectVersion:   Dev-Niagara (F2AED0AC-9AFE-416F-8664-AA7FFA26D6FC): 1
LogDevObjectVersion:   Dev-Destruction (174F1F0B-B4C6-45A5-B13F-2EE8D0FB917D): 10
LogDevObjectVersion:   Dev-Physics-Ext (35F94A83-E258-406C-A318-09F59610247C): 41
LogDevObjectVersion:   Dev-PhysicsMaterial-Chaos (B68FC16E-8B1B-42E2-B453-215C058844FE): 1
LogDevObjectVersion:   Dev-CineCamera (B2E18506-4273-CFC2-A54E-F4BB758BBA07): 1
LogDevObjectVersion:   Dev-VirtualProduction (64F58936-FD1B-42BA-BA96-7289D5D0FA4E): 1
LogDevObjectVersion:   Dev-MediaFramework (6F0ED827-A609-4895-9C91-998D90180EA4): 2
LogInit: Presizing for max 25165824 objects, including 0 objects not considered by GC, pre-allocating 0 bytes for permanent pool.
LogConfig: Applying CVar settings from Section [/Script/Engine.StreamingSettings] File [C:/Users/guillermo.suarez/Documents/GitHub/HowlOfIron/HowlOfIron/Saved/Config/Windows/Engine.ini]
LogConfig: Setting CVar [[s.MinBulkDataSizeForAsyncLoading:131072]]
LogConfig: Setting CVar [[s.AsyncLoadingThreadEnabled:0]]
LogConfig: Setting CVar [[s.EventDrivenLoaderEnabled:1]]
LogConfig: Setting CVar [[s.WarnIfTimeLimitExceeded:0]]
LogConfig: Setting CVar [[s.TimeLimitExceededMultiplier:1.5]]
LogConfig: Setting CVar [[s.TimeLimitExceededMinTime:0.005]]
LogConfig: Setting CVar [[s.UseBackgroundLevelStreaming:1]]
LogConfig: Setting CVar [[s.PriorityAsyncLoadingExtraTime:15.0]]
LogConfig: Setting CVar [[s.LevelStreamingActorsUpdateTimeLimit:5.0]]
LogConfig: Setting CVar [[s.PriorityLevelStreamingActorsUpdateExtraTime:5.0]]
LogConfig: Setting CVar [[s.LevelStreamingComponentsRegistrationGranularity:10]]
LogConfig: Setting CVar [[s.UnregisterComponentsTimeLimit:1.0]]
LogConfig: Setting CVar [[s.LevelStreamingComponentsUnregistrationGranularity:5]]
LogConfig: Setting CVar [[s.FlushStreamingOnExit:1]]
LogInit: Object subsystem initialized
LogConfig: Setting CVar [[con.DebugEarlyDefault:1]]
LogConfig: Setting CVar [[r.setres:1280x720]]
[2022.03.07-11.38.49:428][  0]LogConfig: Setting CVar [[r.VSync:0]]
[2022.03.07-11.38.49:428][  0]LogConfig: Setting CVar [[r.RHICmdBypass:0]]
[2022.03.07-11.38.49:428][  0]LogConfig: Applying CVar settings from Section [/Script/Engine.RendererSettings] File [C:/Users/guillermo.suarez/Documents/GitHub/HowlOfIron/HowlOfIron/Saved/Config/Windows/Engine.ini]
[2022.03.07-11.38.49:428][  0]LogConfig: Setting CVar [[r.GPUCrashDebugging:0]]
[2022.03.07-11.38.49:428][  0]LogConfig: Applying CVar settings from Section [/Script/Engine.RendererOverrideSettings] File [C:/Users/guillermo.suarez/Documents/GitHub/HowlOfIron/HowlOfIron/Saved/Config/Windows/Engine.ini]
[2022.03.07-11.38.49:428][  0]LogConfig: Applying CVar settings from Section [/Script/Engine.StreamingSettings] File [C:/Users/guillermo.suarez/Documents/GitHub/HowlOfIron/HowlOfIron/Saved/Config/Windows/Engine.ini]
[2022.03.07-11.38.49:428][  0]LogConfig: Setting CVar [[s.MinBulkDataSizeForAsyncLoading:131072]]
[2022.03.07-11.38.49:428][  0]LogConfig: Setting CVar [[s.AsyncLoadingThreadEnabled:0]]
[2022.03.07-11.38.49:428][  0]LogConfig: Setting CVar [[s.EventDrivenLoaderEnabled:1]]
[2022.03.07-11.38.49:428][  0]LogConfig: Setting CVar [[s.WarnIfTimeLimitExceeded:0]]
[2022.03.07-11.38.49:428][  0]LogConfig: Setting CVar [[s.TimeLimitExceededMultiplier:1.5]]
[2022.03.07-11.38.49:428][  0]LogConfig: Setting CVar [[s.TimeLimitExceededMinTime:0.005]]
[2022.03.07-11.38.49:428][  0]LogConfig: Setting CVar [[s.UseBackgroundLevelStreaming:1]]
[2022.03.07-11.38.49:428][  0]LogConfig: Setting CVar [[s.PriorityAsyncLoadingExtraTime:15.0]]
[2022.03.07-11.38.49:428][  0]LogConfig: Setting CVar [[s.LevelStreamingActorsUpdateTimeLimit:5.0]]
[2022.03.07-11.38.49:429][  0]LogConfig: Setting CVar [[s.PriorityLevelStreamingActorsUpdateExtraTime:5.0]]
[2022.03.07-11.38.49:429][  0]LogConfig: Setting CVar [[s.LevelStreamingComponentsRegistrationGranularity:10]]
[2022.03.07-11.38.49:429][  0]LogConfig: Setting CVar [[s.UnregisterComponentsTimeLimit:1.0]]
[2022.03.07-11.38.49:429][  0]LogConfig: Setting CVar [[s.LevelStreamingComponentsUnregistrationGranularity:5]]
[2022.03.07-11.38.49:429][  0]LogConfig: Setting CVar [[s.FlushStreamingOnExit:1]]
[2022.03.07-11.38.49:429][  0]LogConfig: Applying CVar settings from Section [/Script/Engine.GarbageCollectionSettings] File [C:/Users/guillermo.suarez/Documents/GitHub/HowlOfIron/HowlOfIron/Saved/Config/Windows/Engine.ini]
[2022.03.07-11.38.49:429][  0]LogConfig: Setting CVar [[gc.MaxObjectsNotConsideredByGC:1]]
[2022.03.07-11.38.49:429][  0]LogConfig: Setting CVar [[gc.SizeOfPermanentObjectPool:0]]
[2022.03.07-11.38.49:429][  0]LogConfig: Setting CVar [[gc.FlushStreamingOnGC:0]]
[2022.03.07-11.38.49:429][  0]LogConfig: Setting CVar [[gc.NumRetriesBeforeForcingGC:10]]
[2022.03.07-11.38.49:429][  0]LogConfig: Setting CVar [[gc.AllowParallelGC:1]]
[2022.03.07-11.38.49:429][  0]LogConfig: Setting CVar [[gc.TimeBetweenPurgingPendingKillObjects:61.1]]
[2022.03.07-11.38.49:429][  0]LogConfig: Setting CVar [[gc.MaxObjectsInEditor:25165824]]
[2022.03.07-11.38.49:429][  0]LogConfig: Setting CVar [[gc.IncrementalBeginDestroyEnabled:1]]
[2022.03.07-11.38.49:429][  0]LogConfig: Setting CVar [[gc.CreateGCClusters:1]]
[2022.03.07-11.38.49:429][  0]LogConfig: Setting CVar [[gc.MinGCClusterSize:5]]
[2022.03.07-11.38.49:429][  0]LogConfig: Setting CVar [[gc.ActorClusteringEnabled:0]]
[2022.03.07-11.38.49:429][  0]LogConfig: Setting CVar [[gc.BlueprintClusteringEnabled:0]]
[2022.03.07-11.38.49:429][  0]LogConfig: Setting CVar [[gc.UseDisregardForGCOnDedicatedServers:0]]
[2022.03.07-11.38.49:429][  0]LogConfig: Setting CVar [[gc.MultithreadedDestructionEnabled:1]]
[2022.03.07-11.38.49:429][  0]LogConfig: Applying CVar settings from Section [/Script/Engine.NetworkSettings] File [C:/Users/guillermo.suarez/Documents/GitHub/HowlOfIron/HowlOfIron/Saved/Config/Windows/Engine.ini]
[2022.03.07-11.38.49:429][  0]LogConfig: Applying CVar settings from Section [/Script/UnrealEd.CookerSettings] File [C:/Users/guillermo.suarez/Documents/GitHub/HowlOfIron/HowlOfIron/Saved/Config/Windows/Engine.ini]
[2022.03.07-11.38.49:436][  0]LogConfig: Applying CVar settings from Section [ViewDistanceQuality@3] File [C:/Users/guillermo.suarez/Documents/GitHub/HowlOfIron/HowlOfIron/Saved/Config/Windows/Scalability.ini]
[2022.03.07-11.38.49:436][  0]LogConfig: Setting CVar [[r.SkeletalMeshLODBias:0]]
[2022.03.07-11.38.49:436][  0]LogConfig: Setting CVar [[r.ViewDistanceScale:1.0]]
[2022.03.07-11.38.49:436][  0]LogConfig: Applying CVar settings from Section [AntiAliasingQuality@3] File [C:/Users/guillermo.suarez/Documents/GitHub/HowlOfIron/HowlOfIron/Saved/Config/Windows/Scalability.ini]
[2022.03.07-11.38.49:436][  0]LogConfig: Setting CVar [[r.PostProcessAAQuality:4]]
[2022.03.07-11.38.49:436][  0]LogConfig: Applying CVar settings from Section [ShadowQuality@3] File [C:/Users/guillermo.suarez/Documents/GitHub/HowlOfIron/HowlOfIron/Saved/Config/Windows/Scalability.ini]
[2022.03.07-11.38.49:436][  0]LogConfig: Setting CVar [[r.LightFunctionQuality:1]]
[2022.03.07-11.38.49:436][  0]LogConfig: Setting CVar [[r.ShadowQuality:5]]
[2022.03.07-11.38.49:436][  0]LogConfig: Setting CVar [[r.Shadow.CSM.MaxCascades:10]]
[2022.03.07-11.38.49:436][  0]LogConfig: Setting CVar [[r.Shadow.MaxResolution:2048]]
[2022.03.07-11.38.49:436][  0]LogConfig: Setting CVar [[r.Shadow.MaxCSMResolution:2048]]
[2022.03.07-11.38.49:436][  0]LogConfig: Setting CVar [[r.Shadow.RadiusThreshold:0.01]]
[2022.03.07-11.38.49:436][  0]LogConfig: Setting CVar [[r.Shadow.DistanceScale:1.0]]
[2022.03.07-11.38.49:436][  0]LogConfig: Setting CVar [[r.Shadow.CSM.TransitionScale:1.0]]
[2022.03.07-11.38.49:436][  0]LogConfig: Setting CVar [[r.Shadow.PreShadowResolutionFactor:1.0]]
[2022.03.07-11.38.49:436][  0]LogConfig: Setting CVar [[r.DistanceFieldShadowing:1]]
[2022.03.07-11.38.49:436][  0]LogConfig: Setting CVar [[r.DistanceFieldAO:1]]
[2022.03.07-11.38.49:436][  0]LogConfig: Setting CVar [[r.AOQuality:2]]
[2022.03.07-11.38.49:436][  0]LogConfig: Setting CVar [[r.VolumetricFog:1]]
[2022.03.07-11.38.49:436][  0]LogConfig: Setting CVar [[r.VolumetricFog.GridPixelSize:8]]
[2022.03.07-11.38.49:436][  0]LogConfig: Setting CVar [[r.VolumetricFog.GridSizeZ:128]]
[2022.03.07-11.38.49:436][  0]LogConfig: Setting CVar [[r.VolumetricFog.HistoryMissSupersampleCount:4]]
[2022.03.07-11.38.49:436][  0]LogConfig: Setting CVar [[r.LightMaxDrawDistanceScale:1]]
[2022.03.07-11.38.49:436][  0]LogConfig: Setting CVar [[r.CapsuleShadows:1]]
[2022.03.07-11.38.49:436][  0]LogConfig: Applying CVar settings from Section [PostProcessQuality@3] File [C:/Users/guillermo.suarez/Documents/GitHub/HowlOfIron/HowlOfIron/Saved/Config/Windows/Scalability.ini]
[2022.03.07-11.38.49:436][  0]LogConfig: Setting CVar [[r.MotionBlurQuality:4]]
[2022.03.07-11.38.49:436][  0]LogConfig: Setting CVar [[r.AmbientOcclusionMipLevelFactor:0.4]]
[2022.03.07-11.38.49:436][  0]LogConfig: Setting CVar [[r.AmbientOcclusionMaxQuality:100]]
[2022.03.07-11.38.49:436][  0]LogConfig: Setting CVar [[r.AmbientOcclusionLevels:-1]]
[2022.03.07-11.38.49:436][  0]LogConfig: Setting CVar [[r.AmbientOcclusionRadiusScale:1.0]]
[2022.03.07-11.38.49:436][  0]LogConfig: Setting CVar [[r.DepthOfFieldQuality:2]]
[2022.03.07-11.38.49:436][  0]LogConfig: Setting CVar [[r.RenderTargetPoolMin:400]]
[2022.03.07-11.38.49:436][  0]LogConfig: Setting CVar [[r.LensFlareQuality:2]]
[2022.03.07-11.38.49:436][  0]LogConfig: Setting CVar [[r.SceneColorFringeQuality:1]]
[2022.03.07-11.38.49:436][  0]LogConfig: Setting CVar [[r.EyeAdaptationQuality:2]]
[2022.03.07-11.38.49:436][  0]LogConfig: Setting CVar [[r.BloomQuality:5]]
[2022.03.07-11.38.49:436][  0]LogConfig: Setting CVar [[r.FastBlurThreshold:100]]
[2022.03.07-11.38.49:436][  0]LogConfig: Setting CVar [[r.Upscale.Quality:3]]
[2022.03.07-11.38.49:436][  0]LogConfig: Setting CVar [[r.Tonemapper.GrainQuantization:1]]
[2022.03.07-11.38.49:437][  0]LogConfig: Setting CVar [[r.LightShaftQuality:1]]
[2022.03.07-11.38.49:437][  0]LogConfig: Setting CVar [[r.Filter.SizeScale:1]]
[2022.03.07-11.38.49:437][  0]LogConfig: Setting CVar [[r.Tonemapper.Quality:5]]
[2022.03.07-11.38.49:437][  0]LogConfig: Setting CVar [[r.DOF.Gather.AccumulatorQuality:1        ; higher gathering accumulator quality]]
[2022.03.07-11.38.49:437][  0]LogConfig: Setting CVar [[r.DOF.Gather.PostfilterMethod:1          ; Median3x3 postfilering method]]
[2022.03.07-11.38.49:437][  0]LogConfig: Setting CVar [[r.DOF.Gather.EnableBokehSettings:0       ; no bokeh simulation when gathering]]
[2022.03.07-11.38.49:437][  0]LogConfig: Setting CVar [[r.DOF.Gather.RingCount:4                 ; medium number of samples when gathering]]
[2022.03.07-11.38.49:437][  0]LogConfig: Setting CVar [[r.DOF.Scatter.ForegroundCompositing:1    ; additive foreground scattering]]
[2022.03.07-11.38.49:437][  0]LogConfig: Setting CVar [[r.DOF.Scatter.BackgroundCompositing:2    ; additive background scattering]]
[2022.03.07-11.38.49:437][  0]LogConfig: Setting CVar [[r.DOF.Scatter.EnableBokehSettings:1      ; bokeh simulation when scattering]]
[2022.03.07-11.38.49:437][  0]LogConfig: Setting CVar [[r.DOF.Scatter.MaxSpriteRatio:0.1         ; only a maximum of 10% of scattered bokeh]]
[2022.03.07-11.38.49:437][  0]LogConfig: Setting CVar [[r.DOF.Recombine.Quality:1                ; cheap slight out of focus]]
[2022.03.07-11.38.49:437][  0]LogConfig: Setting CVar [[r.DOF.Recombine.EnableBokehSettings:0    ; no bokeh simulation on slight out of focus]]
[2022.03.07-11.38.49:437][  0]LogConfig: Setting CVar [[r.DOF.TemporalAAQuality:1                ; more stable temporal accumulation]]
[2022.03.07-11.38.49:437][  0]LogConfig: Setting CVar [[r.DOF.Kernel.MaxForegroundRadius:0.025]]
[2022.03.07-11.38.49:437][  0]LogConfig: Setting CVar [[r.DOF.Kernel.MaxBackgroundRadius:0.025]]
[2022.03.07-11.38.49:437][  0]LogConfig: Applying CVar settings from Section [TextureQuality@3] File [C:/Users/guillermo.suarez/Documents/GitHub/HowlOfIron/HowlOfIron/Saved/Config/Windows/Scalability.ini]
[2022.03.07-11.38.49:437][  0]LogConfig: Setting CVar [[r.Streaming.MipBias:0]]
[2022.03.07-11.38.49:437][  0]LogConfig: Setting CVar [[r.Streaming.AmortizeCPUToGPUCopy:0]]
[2022.03.07-11.38.49:437][  0]LogConfig: Setting CVar [[r.Streaming.MaxNumTexturesToStreamPerFrame:0]]
[2022.03.07-11.38.49:437][  0]LogConfig: Setting CVar [[r.Streaming.Boost:1]]
[2022.03.07-11.38.49:437][  0]LogConfig: Setting CVar [[r.MaxAnisotropy:8]]
[2022.03.07-11.38.49:437][  0]LogConfig: Setting CVar [[r.VT.MaxAnisotropy:8]]
[2022.03.07-11.38.49:437][  0]LogConfig: Setting CVar [[r.Streaming.LimitPoolSizeToVRAM:0]]
[2022.03.07-11.38.49:437][  0]LogConfig: Setting CVar [[r.Streaming.PoolSize:1000]]
[2022.03.07-11.38.49:437][  0]LogConfig: Setting CVar [[r.Streaming.MaxEffectiveScreenSize:0]]
[2022.03.07-11.38.49:437][  0]LogConfig: Applying CVar settings from Section [EffectsQuality@3] File [C:/Users/guillermo.suarez/Documents/GitHub/HowlOfIron/HowlOfIron/Saved/Config/Windows/Scalability.ini]
[2022.03.07-11.38.49:437][  0]LogConfig: Setting CVar [[r.TranslucencyLightingVolumeDim:64]]
[2022.03.07-11.38.49:437][  0]LogConfig: Setting CVar [[r.RefractionQuality:2]]
[2022.03.07-11.38.49:437][  0]LogConfig: Setting CVar [[r.SSR.Quality:3]]
[2022.03.07-11.38.49:437][  0]LogConfig: Setting CVar [[r.SSR.HalfResSceneColor:0]]
[2022.03.07-11.38.49:437][  0]LogConfig: Setting CVar [[r.SceneColorFormat:4]]
[2022.03.07-11.38.49:437][  0]LogConfig: Setting CVar [[r.DetailMode:2]]
[2022.03.07-11.38.49:437][  0]LogConfig: Setting CVar [[r.TranslucencyVolumeBlur:1]]
[2022.03.07-11.38.49:437][  0]LogConfig: Setting CVar [[r.MaterialQualityLevel:1 ; High quality]]
[2022.03.07-11.38.49:437][  0]LogConfig: Setting CVar [[r.AnisotropicMaterials:1]]
[2022.03.07-11.38.49:437][  0]LogConfig: Setting CVar [[r.SSS.Scale:1]]
[2022.03.07-11.38.49:437][  0]LogConfig: Setting CVar [[r.SSS.SampleSet:2]]
[2022.03.07-11.38.49:437][  0]LogConfig: Setting CVar [[r.SSS.Quality:1]]
[2022.03.07-11.38.49:437][  0]LogConfig: Setting CVar [[r.SSS.HalfRes:0]]
[2022.03.07-11.38.49:437][  0]LogConfig: Setting CVar [[r.SSGI.Quality:3]]
[2022.03.07-11.38.49:437][  0]LogConfig: Setting CVar [[r.EmitterSpawnRateScale:1.0]]
[2022.03.07-11.38.49:437][  0]LogConfig: Setting CVar [[r.ParticleLightQuality:2]]
[2022.03.07-11.38.49:437][  0]LogConfig: Setting CVar [[r.SkyAtmosphere.AerialPerspectiveLUT.FastApplyOnOpaque:1 ; Always have FastSkyLUT 1 in this case to avoid wrong sky]]
[2022.03.07-11.38.49:438][  0]LogConfig: Setting CVar [[r.SkyAtmosphere.AerialPerspectiveLUT.SampleCountMaxPerSlice:4]]
[2022.03.07-11.38.49:438][  0]LogConfig: Setting CVar [[r.SkyAtmosphere.AerialPerspectiveLUT.DepthResolution:16.0]]
[2022.03.07-11.38.49:438][  0]LogConfig: Setting CVar [[r.SkyAtmosphere.FastSkyLUT:1]]
[2022.03.07-11.38.49:438][  0]LogConfig: Setting CVar [[r.SkyAtmosphere.FastSkyLUT.SampleCountMin:4.0]]
[2022.03.07-11.38.49:438][  0]LogConfig: Setting CVar [[r.SkyAtmosphere.FastSkyLUT.SampleCountMax:128.0]]
[2022.03.07-11.38.49:438][  0]LogConfig: Setting CVar [[r.SkyAtmosphere.SampleCountMin:4.0]]
[2022.03.07-11.38.49:438][  0]LogConfig: Setting CVar [[r.SkyAtmosphere.SampleCountMax:128.0]]
[2022.03.07-11.38.49:438][  0]LogConfig: Setting CVar [[r.SkyAtmosphere.TransmittanceLUT.UseSmallFormat:0]]
[2022.03.07-11.38.49:438][  0]LogConfig: Setting CVar [[r.SkyAtmosphere.TransmittanceLUT.SampleCount:10.0]]
[2022.03.07-11.38.49:438][  0]LogConfig: Setting CVar [[r.SkyAtmosphere.MultiScatteringLUT.SampleCount:15.0]]
[2022.03.07-11.38.49:438][  0]LogConfig: Setting CVar [[r.SkyLight.RealTimeReflectionCapture:1]]
[2022.03.07-11.38.49:438][  0]LogConfig: Applying CVar settings from Section [FoliageQuality@3] File [C:/Users/guillermo.suarez/Documents/GitHub/HowlOfIron/HowlOfIron/Saved/Config/Windows/Scalability.ini]
[2022.03.07-11.38.49:438][  0]LogConfig: Setting CVar [[foliage.DensityScale:1.0]]
[2022.03.07-11.38.49:438][  0]LogConfig: Setting CVar [[grass.DensityScale:1.0]]
[2022.03.07-11.38.49:438][  0]LogConfig: Applying CVar settings from Section [ShadingQuality@3] File [C:/Users/guillermo.suarez/Documents/GitHub/HowlOfIron/HowlOfIron/Saved/Config/Windows/Scalability.ini]
[2022.03.07-11.38.49:438][  0]LogConfig: Setting CVar [[r.HairStrands.SkyLighting.IntegrationType:2]]
[2022.03.07-11.38.49:438][  0]LogConfig: Setting CVar [[r.HairStrands.SkyAO.SampleCount:4]]
[2022.03.07-11.38.49:438][  0]LogConfig: Setting CVar [[r.HairStrands.Visibility.MSAA.SamplePerPixel:4]]
[2022.03.07-11.38.49:438][  0]LogInit: Selected Device Profile: [Windows]
[2022.03.07-11.38.49:438][  0]LogInit: Applying CVar settings loaded from the selected device profile: [Windows]
[2022.03.07-11.38.49:438][  0]LogHAL: Display: Platform has ~ 32 GB [34055405568 / 34359738368 / 32], which maps to Largest [LargestMinGB=32, LargerMinGB=12, DefaultMinGB=8, SmallerMinGB=6, SmallestMinGB=0)
[2022.03.07-11.38.49:438][  0]LogInit: Going up to parent DeviceProfile []
[2022.03.07-11.38.49:438][  0]LogConfig: Applying CVar settings from Section [ViewDistanceQuality@3] File [C:/Users/guillermo.suarez/Documents/GitHub/HowlOfIron/HowlOfIron/Saved/Config/Windows/Scalability.ini]
[2022.03.07-11.38.49:438][  0]LogConfig: Setting CVar [[r.SkeletalMeshLODBias:0]]
[2022.03.07-11.38.49:438][  0]LogConfig: Setting CVar [[r.ViewDistanceScale:1.0]]
[2022.03.07-11.38.49:438][  0]LogConfig: Applying CVar settings from Section [AntiAliasingQuality@3] File [C:/Users/guillermo.suarez/Documents/GitHub/HowlOfIron/HowlOfIron/Saved/Config/Windows/Scalability.ini]
[2022.03.07-11.38.49:438][  0]LogConfig: Setting CVar [[r.PostProcessAAQuality:4]]
[2022.03.07-11.38.49:438][  0]LogConfig: Applying CVar settings from Section [ShadowQuality@3] File [C:/Users/guillermo.suarez/Documents/GitHub/HowlOfIron/HowlOfIron/Saved/Config/Windows/Scalability.ini]
[2022.03.07-11.38.49:438][  0]LogConfig: Setting CVar [[r.LightFunctionQuality:1]]
[2022.03.07-11.38.49:438][  0]LogConfig: Setting CVar [[r.ShadowQuality:5]]
[2022.03.07-11.38.49:438][  0]LogConfig: Setting CVar [[r.Shadow.CSM.MaxCascades:10]]
[2022.03.07-11.38.49:438][  0]LogConfig: Setting CVar [[r.Shadow.MaxResolution:2048]]
[2022.03.07-11.38.49:438][  0]LogConfig: Setting CVar [[r.Shadow.MaxCSMResolution:2048]]
[2022.03.07-11.38.49:438][  0]LogConfig: Setting CVar [[r.Shadow.RadiusThreshold:0.01]]
[2022.03.07-11.38.49:438][  0]LogConfig: Setting CVar [[r.Shadow.DistanceScale:1.0]]
[2022.03.07-11.38.49:438][  0]LogConfig: Setting CVar [[r.Shadow.CSM.TransitionScale:1.0]]
[2022.03.07-11.38.49:438][  0]LogConfig: Setting CVar [[r.Shadow.PreShadowResolutionFactor:1.0]]
[2022.03.07-11.38.49:438][  0]LogConfig: Setting CVar [[r.DistanceFieldShadowing:1]]
[2022.03.07-11.38.49:438][  0]LogConfig: Setting CVar [[r.DistanceFieldAO:1]]
[2022.03.07-11.38.49:438][  0]LogConfig: Setting CVar [[r.AOQuality:2]]
[2022.03.07-11.38.49:438][  0]LogConfig: Setting CVar [[r.VolumetricFog:1]]
[2022.03.07-11.38.49:438][  0]LogConfig: Setting CVar [[r.VolumetricFog.GridPixelSize:8]]
[2022.03.07-11.38.49:438][  0]LogConfig: Setting CVar [[r.VolumetricFog.GridSizeZ:128]]
[2022.03.07-11.38.49:438][  0]LogConfig: Setting CVar [[r.VolumetricFog.HistoryMissSupersampleCount:4]]
[2022.03.07-11.38.49:438][  0]LogConfig: Setting CVar [[r.LightMaxDrawDistanceScale:1]]
[2022.03.07-11.38.49:438][  0]LogConfig: Setting CVar [[r.CapsuleShadows:1]]
[2022.03.07-11.38.49:438][  0]LogConfig: Applying CVar settings from Section [PostProcessQuality@3] File [C:/Users/guillermo.suarez/Documents/GitHub/HowlOfIron/HowlOfIron/Saved/Config/Windows/Scalability.ini]
[2022.03.07-11.38.49:438][  0]LogConfig: Setting CVar [[r.MotionBlurQuality:4]]
[2022.03.07-11.38.49:438][  0]LogConfig: Setting CVar [[r.AmbientOcclusionMipLevelFactor:0.4]]
[2022.03.07-11.38.49:438][  0]LogConfig: Setting CVar [[r.AmbientOcclusionMaxQuality:100]]
[2022.03.07-11.38.49:438][  0]LogConfig: Setting CVar [[r.AmbientOcclusionLevels:-1]]
[2022.03.07-11.38.49:438][  0]LogConfig: Setting CVar [[r.AmbientOcclusionRadiusScale:1.0]]
[2022.03.07-11.38.49:438][  0]LogConfig: Setting CVar [[r.DepthOfFieldQuality:2]]
[2022.03.07-11.38.49:438][  0]LogConfig: Setting CVar [[r.RenderTargetPoolMin:400]]
[2022.03.07-11.38.49:438][  0]LogConfig: Setting CVar [[r.LensFlareQuality:2]]
[2022.03.07-11.38.49:438][  0]LogConfig: Setting CVar [[r.SceneColorFringeQuality:1]]
[2022.03.07-11.38.49:438][  0]LogConfig: Setting CVar [[r.EyeAdaptationQuality:2]]
[2022.03.07-11.38.49:438][  0]LogConfig: Setting CVar [[r.BloomQuality:5]]
[2022.03.07-11.38.49:438][  0]LogConfig: Setting CVar [[r.FastBlurThreshold:100]]
[2022.03.07-11.38.49:438][  0]LogConfig: Setting CVar [[r.Upscale.Quality:3]]
[2022.03.07-11.38.49:439][  0]LogConfig: Setting CVar [[r.Tonemapper.GrainQuantization:1]]
[2022.03.07-11.38.49:439][  0]LogConfig: Setting CVar [[r.LightShaftQuality:1]]
[2022.03.07-11.38.49:439][  0]LogConfig: Setting CVar [[r.Filter.SizeScale:1]]
[2022.03.07-11.38.49:439][  0]LogConfig: Setting CVar [[r.Tonemapper.Quality:5]]
[2022.03.07-11.38.49:439][  0]LogConfig: Setting CVar [[r.DOF.Gather.AccumulatorQuality:1        ; higher gathering accumulator quality]]
[2022.03.07-11.38.49:439][  0]LogConfig: Setting CVar [[r.DOF.Gather.PostfilterMethod:1          ; Median3x3 postfilering method]]
[2022.03.07-11.38.49:439][  0]LogConfig: Setting CVar [[r.DOF.Gather.EnableBokehSettings:0       ; no bokeh simulation when gathering]]
[2022.03.07-11.38.49:439][  0]LogConfig: Setting CVar [[r.DOF.Gather.RingCount:4                 ; medium number of samples when gathering]]
[2022.03.07-11.38.49:439][  0]LogConfig: Setting CVar [[r.DOF.Scatter.ForegroundCompositing:1    ; additive foreground scattering]]
[2022.03.07-11.38.49:439][  0]LogConfig: Setting CVar [[r.DOF.Scatter.BackgroundCompositing:2    ; additive background scattering]]
[2022.03.07-11.38.49:439][  0]LogConfig: Setting CVar [[r.DOF.Scatter.EnableBokehSettings:1      ; bokeh simulation when scattering]]
[2022.03.07-11.38.49:439][  0]LogConfig: Setting CVar [[r.DOF.Scatter.MaxSpriteRatio:0.1         ; only a maximum of 10% of scattered bokeh]]
[2022.03.07-11.38.49:439][  0]LogConfig: Setting CVar [[r.DOF.Recombine.Quality:1                ; cheap slight out of focus]]
[2022.03.07-11.38.49:439][  0]LogConfig: Setting CVar [[r.DOF.Recombine.EnableBokehSettings:0    ; no bokeh simulation on slight out of focus]]
[2022.03.07-11.38.49:439][  0]LogConfig: Setting CVar [[r.DOF.TemporalAAQuality:1                ; more stable temporal accumulation]]
[2022.03.07-11.38.49:439][  0]LogConfig: Setting CVar [[r.DOF.Kernel.MaxForegroundRadius:0.025]]
[2022.03.07-11.38.49:439][  0]LogConfig: Setting CVar [[r.DOF.Kernel.MaxBackgroundRadius:0.025]]
[2022.03.07-11.38.49:439][  0]LogConfig: Applying CVar settings from Section [TextureQuality@3] File [C:/Users/guillermo.suarez/Documents/GitHub/HowlOfIron/HowlOfIron/Saved/Config/Windows/Scalability.ini]
[2022.03.07-11.38.49:439][  0]LogConfig: Setting CVar [[r.Streaming.MipBias:0]]
[2022.03.07-11.38.49:439][  0]LogConfig: Setting CVar [[r.Streaming.AmortizeCPUToGPUCopy:0]]
[2022.03.07-11.38.49:439][  0]LogConfig: Setting CVar [[r.Streaming.MaxNumTexturesToStreamPerFrame:0]]
[2022.03.07-11.38.49:439][  0]LogConfig: Setting CVar [[r.Streaming.Boost:1]]
[2022.03.07-11.38.49:439][  0]LogConfig: Setting CVar [[r.MaxAnisotropy:8]]
[2022.03.07-11.38.49:439][  0]LogConfig: Setting CVar [[r.VT.MaxAnisotropy:8]]
[2022.03.07-11.38.49:439][  0]LogConfig: Setting CVar [[r.Streaming.LimitPoolSizeToVRAM:0]]
[2022.03.07-11.38.49:439][  0]LogConfig: Setting CVar [[r.Streaming.PoolSize:1000]]
[2022.03.07-11.38.49:439][  0]LogConfig: Setting CVar [[r.Streaming.MaxEffectiveScreenSize:0]]
[2022.03.07-11.38.49:439][  0]LogConfig: Applying CVar settings from Section [EffectsQuality@3] File [C:/Users/guillermo.suarez/Documents/GitHub/HowlOfIron/HowlOfIron/Saved/Config/Windows/Scalability.ini]
[2022.03.07-11.38.49:439][  0]LogConfig: Setting CVar [[r.TranslucencyLightingVolumeDim:64]]
[2022.03.07-11.38.49:439][  0]LogConfig: Setting CVar [[r.RefractionQuality:2]]
[2022.03.07-11.38.49:439][  0]LogConfig: Setting CVar [[r.SSR.Quality:3]]
[2022.03.07-11.38.49:439][  0]LogConfig: Setting CVar [[r.SSR.HalfResSceneColor:0]]
[2022.03.07-11.38.49:439][  0]LogConfig: Setting CVar [[r.SceneColorFormat:4]]
[2022.03.07-11.38.49:439][  0]LogConfig: Setting CVar [[r.DetailMode:2]]
[2022.03.07-11.38.49:439][  0]LogConfig: Setting CVar [[r.TranslucencyVolumeBlur:1]]
[2022.03.07-11.38.49:439][  0]LogConfig: Setting CVar [[r.MaterialQualityLevel:1 ; High quality]]
[2022.03.07-11.38.49:439][  0]LogConfig: Setting CVar [[r.AnisotropicMaterials:1]]
[2022.03.07-11.38.49:439][  0]LogConfig: Setting CVar [[r.SSS.Scale:1]]
[2022.03.07-11.38.49:439][  0]LogConfig: Setting CVar [[r.SSS.SampleSet:2]]
[2022.03.07-11.38.49:439][  0]LogConfig: Setting CVar [[r.SSS.Quality:1]]
[2022.03.07-11.38.49:439][  0]LogConfig: Setting CVar [[r.SSS.HalfRes:0]]
[2022.03.07-11.38.49:439][  0]LogConfig: Setting CVar [[r.SSGI.Quality:3]]
[2022.03.07-11.38.49:439][  0]LogConfig: Setting CVar [[r.EmitterSpawnRateScale:1.0]]
[2022.03.07-11.38.49:439][  0]LogConfig: Setting CVar [[r.ParticleLightQuality:2]]
[2022.03.07-11.38.49:439][  0]LogConfig: Setting CVar [[r.SkyAtmosphere.AerialPerspectiveLUT.FastApplyOnOpaque:1 ; Always have FastSkyLUT 1 in this case to avoid wrong sky]]
[2022.03.07-11.38.49:439][  0]LogConfig: Setting CVar [[r.SkyAtmosphere.AerialPerspectiveLUT.SampleCountMaxPerSlice:4]]
[2022.03.07-11.38.49:439][  0]LogConfig: Setting CVar [[r.SkyAtmosphere.AerialPerspectiveLUT.DepthResolution:16.0]]
[2022.03.07-11.38.49:439][  0]LogConfig: Setting CVar [[r.SkyAtmosphere.FastSkyLUT:1]]
[2022.03.07-11.38.49:439][  0]LogConfig: Setting CVar [[r.SkyAtmosphere.FastSkyLUT.SampleCountMin:4.0]]
[2022.03.07-11.38.49:439][  0]LogConfig: Setting CVar [[r.SkyAtmosphere.FastSkyLUT.SampleCountMax:128.0]]
[2022.03.07-11.38.49:439][  0]LogConfig: Setting CVar [[r.SkyAtmosphere.SampleCountMin:4.0]]
[2022.03.07-11.38.49:439][  0]LogConfig: Setting CVar [[r.SkyAtmosphere.SampleCountMax:128.0]]
[2022.03.07-11.38.49:439][  0]LogConfig: Setting CVar [[r.SkyAtmosphere.TransmittanceLUT.UseSmallFormat:0]]
[2022.03.07-11.38.49:439][  0]LogConfig: Setting CVar [[r.SkyAtmosphere.TransmittanceLUT.SampleCount:10.0]]
[2022.03.07-11.38.49:439][  0]LogConfig: Setting CVar [[r.SkyAtmosphere.MultiScatteringLUT.SampleCount:15.0]]
[2022.03.07-11.38.49:439][  0]LogConfig: Setting CVar [[r.SkyLight.RealTimeReflectionCapture:1]]
[2022.03.07-11.38.49:439][  0]LogConfig: Applying CVar settings from Section [FoliageQuality@3] File [C:/Users/guillermo.suarez/Documents/GitHub/HowlOfIron/HowlOfIron/Saved/Config/Windows/Scalability.ini]
[2022.03.07-11.38.49:439][  0]LogConfig: Setting CVar [[foliage.DensityScale:1.0]]
[2022.03.07-11.38.49:439][  0]LogConfig: Setting CVar [[grass.DensityScale:1.0]]
[2022.03.07-11.38.49:439][  0]LogConfig: Applying CVar settings from Section [ShadingQuality@3] File [C:/Users/guillermo.suarez/Documents/GitHub/HowlOfIron/HowlOfIron/Saved/Config/Windows/Scalability.ini]
[2022.03.07-11.38.49:439][  0]LogConfig: Setting CVar [[r.HairStrands.SkyLighting.IntegrationType:2]]
[2022.03.07-11.38.49:439][  0]LogConfig: Setting CVar [[r.HairStrands.SkyAO.SampleCount:4]]
[2022.03.07-11.38.49:439][  0]LogConfig: Setting CVar [[r.HairStrands.Visibility.MSAA.SamplePerPixel:4]]
[2022.03.07-11.38.49:439][  0]LogConfig: Applying CVar settings from Section [Startup] File [../../../Engine/Config/ConsoleVariables.ini]
[2022.03.07-11.38.49:440][  0]LogConfig: Setting CVar [[net.UseAdaptiveNetUpdateFrequency:0]]
[2022.03.07-11.38.49:440][  0]LogConfig: Setting CVar [[p.chaos.AllowCreatePhysxBodies:1]]
[2022.03.07-11.38.49:440][  0]LogConfig: Setting CVar [[fx.SkipVectorVMBackendOptimizations:1]]
[2022.03.07-11.38.49:440][  0]LogConfig: Applying CVar settings from Section [ConsoleVariables] File [C:/Users/guillermo.suarez/Documents/GitHub/HowlOfIron/HowlOfIron/Saved/Config/Windows/Engine.ini]
[2022.03.07-11.38.49:440][  0]LogConfig: Applying CVar settings from Section [ConsoleVariables] File [C:/Users/guillermo.suarez/Documents/GitHub/HowlOfIron/HowlOfIron/Saved/Config/Windows/Editor.ini]
[2022.03.07-11.38.49:440][  0]LogInit: Computer: UTWKS0883
[2022.03.07-11.38.49:440][  0]LogInit: User: guillermosuarez
[2022.03.07-11.38.49:440][  0]LogInit: CPU Page size=4096, Cores=18
[2022.03.07-11.38.49:440][  0]LogInit: High frequency timer resolution =10.000000 MHz
[2022.03.07-11.38.49:440][  0]LogMemory: Memory total: Physical=31.7GB (32GB approx)
[2022.03.07-11.38.49:440][  0]LogMemory: Platform Memory Stats for Windows
[2022.03.07-11.38.49:440][  0]LogMemory: Process Physical Memory: 153.61 MB used, 153.62 MB peak
[2022.03.07-11.38.49:440][  0]LogMemory: Process Virtual Memory: 130.31 MB used, 130.31 MB peak
[2022.03.07-11.38.49:440][  0]LogMemory: Physical Memory: 11766.36 MB used,  20711.41 MB free, 32477.77 MB total
[2022.03.07-11.38.49:440][  0]LogMemory: Virtual Memory: 134195832.00 MB used,  21894.76 MB free, 134217728.00 MB total
[2022.03.07-11.38.49:447][  0]LogWindows: WindowsPlatformFeatures enabled
[2022.03.07-11.38.49:474][  0]LogInit: Physics initialised using underlying interface: PhysX
[2022.03.07-11.38.49:475][  0]LogInit: Using OS detected language (en-US).
[2022.03.07-11.38.49:475][  0]LogInit: Using OS detected locale (es-ES).
[2022.03.07-11.38.49:479][  0]LogTextLocalizationManager: No specific localization for 'en-US' exists, so the 'en' localization will be used.
[2022.03.07-11.38.49:679][  0]LogInit: Setting process to per monitor DPI aware
[2022.03.07-11.38.49:696][  0]LogWindowsTextInputMethodSystem: Display: IME system deactivated.
[2022.03.07-11.38.49:716][  0]LogSlate: New Slate User Created.  User Index 0, Is Virtual User: 0
[2022.03.07-11.38.49:716][  0]LogSlate: Slate User Registered.  User Index 0, Is Virtual User: 0
[2022.03.07-11.38.49:835][  0]LogD3D11RHI: Loaded GFSDK_Aftermath_Lib.x64.dll
[2022.03.07-11.38.49:839][  0]LogHMD: Failed to initialize OpenVR with code 110
[2022.03.07-11.38.49:839][  0]LogD3D11RHI: D3D11 min allowed feature level: 11_0
[2022.03.07-11.38.49:839][  0]LogD3D11RHI: D3D11 max allowed feature level: 11_0
[2022.03.07-11.38.49:839][  0]LogD3D11RHI: D3D11 adapters:
[2022.03.07-11.38.49:969][  0]LogD3D11RHI:    0. 'NVIDIA GeForce RTX 3080' (Feature Level 11_0)
[2022.03.07-11.38.49:970][  0]LogD3D11RHI:       10078/0/16238 MB DedicatedVideo/DedicatedSystem/SharedSystem, Outputs:1, VendorId:0x10de
[2022.03.07-11.38.49:974][  0]LogD3D11RHI:    1. 'Microsoft Basic Render Driver' (Feature Level 11_0)
[2022.03.07-11.38.49:974][  0]LogD3D11RHI:       0/0/16238 MB DedicatedVideo/DedicatedSystem/SharedSystem, Outputs:0, VendorId:0x1414
[2022.03.07-11.38.49:974][  0]LogD3D11RHI: Chosen D3D11 Adapter:
[2022.03.07-11.38.49:974][  0]LogD3D11RHI:     Description : NVIDIA GeForce RTX 3080
[2022.03.07-11.38.49:974][  0]LogD3D11RHI:     VendorId    : 10de
[2022.03.07-11.38.49:974][  0]LogD3D11RHI:     DeviceId    : 2206
[2022.03.07-11.38.49:974][  0]LogD3D11RHI:     SubSysId    : 38911028
[2022.03.07-11.38.49:974][  0]LogD3D11RHI:     Revision    : 00a1
[2022.03.07-11.38.49:974][  0]LogD3D11RHI:     DedicatedVideoMemory : 10567548928 bytes
[2022.03.07-11.38.49:974][  0]LogD3D11RHI:     DedicatedSystemMemory : 0 bytes
[2022.03.07-11.38.49:974][  0]LogD3D11RHI:     SharedSystemMemory : 17027702784 bytes
[2022.03.07-11.38.49:974][  0]LogD3D11RHI:     AdapterLuid : 0 93111
[2022.03.07-11.38.49:983][  0]LogD3D11RHI: Creating new Direct3DDevice
[2022.03.07-11.38.49:983][  0]LogD3D11RHI:     GPU DeviceId: 0x2206 (for the marketing name, search the web for "GPU Device Id")
[2022.03.07-11.38.49:983][  0]LogWindows: EnumDisplayDevices:
[2022.03.07-11.38.49:984][  0]LogWindows:    0. 'NVIDIA GeForce RTX 3080' (P:1 D:1)
[2022.03.07-11.38.49:984][  0]LogWindows:    1. 'NVIDIA GeForce RTX 3080' (P:0 D:0)
[2022.03.07-11.38.49:984][  0]LogWindows:    2. 'NVIDIA GeForce RTX 3080' (P:0 D:0)
[2022.03.07-11.38.49:984][  0]LogWindows:    3. 'NVIDIA GeForce RTX 3080' (P:0 D:0)
[2022.03.07-11.38.49:985][  0]LogWindows: DebugString: FoundDriverCount:4 
[2022.03.07-11.38.49:985][  0]LogD3D11RHI:     Adapter Name: NVIDIA GeForce RTX 3080
[2022.03.07-11.38.49:985][  0]LogD3D11RHI:   Driver Version: 462.31 (internal:27.21.14.6231, unified:462.31)
[2022.03.07-11.38.49:985][  0]LogD3D11RHI:      Driver Date: 4-8-2021
[2022.03.07-11.38.49:985][  0]LogRHI: Texture pool is 7054 MB (70% of 10078 MB)
[2022.03.07-11.38.49:985][  0]LogD3D11RHI: Creating D3DDevice using adapter:
[2022.03.07-11.38.49:985][  0]LogD3D11RHI:     Description : NVIDIA GeForce RTX 3080
[2022.03.07-11.38.49:985][  0]LogD3D11RHI:     VendorId    : 10de
[2022.03.07-11.38.49:985][  0]LogD3D11RHI:     DeviceId    : 2206
[2022.03.07-11.38.49:985][  0]LogD3D11RHI:     SubSysId    : 38911028
[2022.03.07-11.38.49:985][  0]LogD3D11RHI:     Revision    : 00a1
[2022.03.07-11.38.49:985][  0]LogD3D11RHI:     DedicatedVideoMemory : 10567548928 bytes
[2022.03.07-11.38.49:985][  0]LogD3D11RHI:     DedicatedSystemMemory : 0 bytes
[2022.03.07-11.38.49:985][  0]LogD3D11RHI:     SharedSystemMemory : 17027702784 bytes
[2022.03.07-11.38.49:985][  0]LogD3D11RHI:     AdapterLuid : 0 93111
[2022.03.07-11.38.50:080][  0]LogD3D11RHI: RHI has support for 64 bit atomics
[2022.03.07-11.38.50:080][  0]LogD3D11RHI: Async texture creation enabled
[2022.03.07-11.38.50:080][  0]LogD3D11RHI: Array index from any shader is supported
[2022.03.07-11.38.50:098][  0]LogD3D11RHI: GPU Timing Frequency: 1000.000000 (Debug: 2 1)
[2022.03.07-11.38.50:135][  0]LogRHI: GeForceNow SDK initialized: 1
[2022.03.07-11.38.50:449][  0]LogTargetPlatformManager: Display: Loaded TargetPlatform 'AllDesktop'
[2022.03.07-11.38.50:473][  0]LogTargetPlatformManager: Display: Loaded TargetPlatform 'Android'
[2022.03.07-11.38.50:473][  0]LogTargetPlatformManager: Display: Loaded TargetPlatform 'Android_ASTC'
[2022.03.07-11.38.50:473][  0]LogTargetPlatformManager: Display: Loaded TargetPlatform 'Android_DXT'
[2022.03.07-11.38.50:473][  0]LogTargetPlatformManager: Display: Loaded TargetPlatform 'Android_ETC2'
[2022.03.07-11.38.50:473][  0]LogTargetPlatformManager: Display: Loaded TargetPlatform 'AndroidClient'
[2022.03.07-11.38.50:473][  0]LogTargetPlatformManager: Display: Loaded TargetPlatform 'Android_ASTCClient'
[2022.03.07-11.38.50:473][  0]LogTargetPlatformManager: Display: Loaded TargetPlatform 'Android_DXTClient'
[2022.03.07-11.38.50:473][  0]LogTargetPlatformManager: Display: Loaded TargetPlatform 'Android_ETC2Client'
[2022.03.07-11.38.50:473][  0]LogTargetPlatformManager: Display: Loaded TargetPlatform 'Android_Multi'
[2022.03.07-11.38.50:473][  0]LogTargetPlatformManager: Display: Loaded TargetPlatform 'Android_MultiClient'
[2022.03.07-11.38.50:492][  0]LogTargetPlatformManager: Display: Loaded TargetPlatform 'IOSClient'
[2022.03.07-11.38.50:492][  0]LogTargetPlatformManager: Display: Loaded TargetPlatform 'IOS'
[2022.03.07-11.38.50:504][  0]LogTargetPlatformManager: Display: Loaded TargetPlatform 'Linux'
[2022.03.07-11.38.50:507][  0]LogTargetPlatformManager: Display: Loaded TargetPlatform 'LinuxNoEditor'
[2022.03.07-11.38.50:513][  0]LogTargetPlatformManager: Display: Loaded TargetPlatform 'LinuxClient'
[2022.03.07-11.38.50:518][  0]LogTargetPlatformManager: Display: Loaded TargetPlatform 'LinuxServer'
[2022.03.07-11.38.50:531][  0]LogTargetPlatformManager: Display: Loaded TargetPlatform 'LinuxAArch64NoEditor'
[2022.03.07-11.38.50:535][  0]LogTargetPlatformManager: Display: Loaded TargetPlatform 'LinuxAArch64Client'
[2022.03.07-11.38.50:542][  0]LogTargetPlatformManager: Display: Loaded TargetPlatform 'LinuxAArch64Server'
[2022.03.07-11.38.50:572][  0]LogTargetPlatformManager: Display: Loaded TargetPlatform 'Lumin'
[2022.03.07-11.38.50:572][  0]LogTargetPlatformManager: Display: Loaded TargetPlatform 'LuminClient'
[2022.03.07-11.38.50:579][  0]LogTargetPlatformManager: Display: Loaded TargetPlatform 'MacNoEditor'
[2022.03.07-11.38.50:582][  0]LogTargetPlatformManager: Display: Loaded TargetPlatform 'Mac'
[2022.03.07-11.38.50:586][  0]LogTargetPlatformManager: Display: Loaded TargetPlatform 'MacClient'
[2022.03.07-11.38.50:592][  0]LogTargetPlatformManager: Display: Loaded TargetPlatform 'MacServer'
[2022.03.07-11.38.50:605][  0]LogTargetPlatformManager: Display: Loaded TargetPlatform 'TVOSClient'
[2022.03.07-11.38.50:605][  0]LogTargetPlatformManager: Display: Loaded TargetPlatform 'TVOS'
[2022.03.07-11.38.50:613][  0]LogTargetPlatformManager: Display: Loaded TargetPlatform 'WindowsNoEditor'
[2022.03.07-11.38.50:617][  0]LogTargetPlatformManager: Display: Loaded TargetPlatform 'Windows'
[2022.03.07-11.38.50:621][  0]LogTargetPlatformManager: Display: Loaded TargetPlatform 'WindowsClient'
[2022.03.07-11.38.50:627][  0]LogTargetPlatformManager: Display: Loaded TargetPlatform 'WindowsServer'
[2022.03.07-11.38.50:627][  0]LogTargetPlatformManager: Display: Building Assets For Windows
[2022.03.07-11.38.50:633][  0]LogAudioDebug: Display: Lib vorbis DLL was dynamically loaded.
[2022.03.07-11.38.50:680][  0]LogTextureFormatOodle: Display: Oodle Texture 2.9.0 init RDO Off
[2022.03.07-11.38.50:741][  0]LogRendererCore: Ray tracing is disabled. Reason: r.RayTracing=0.
[2022.03.07-11.38.50:741][  0]LogShaderCompilers: Guid format shader working directory is -23 characters bigger than the processId version (../../../../../../Users/guillermo.suarez/Documents/GitHub/HowlOfIron/HowlOfIron/Intermediate/Shaders/WorkingDirectory/17088/).
[2022.03.07-11.38.50:741][  0]LogShaderCompilers: Cleaned the shader compiler working directory 'C:/Users/guillermo.suarez/AppData/Local/Temp/UnrealShaderWorkingDir/0A34231248708838DA4556AD001028F0/'.
[2022.03.07-11.38.50:742][  0]LogXGEController: Cannot use XGE Controller as Incredibuild is not installed on this machine.
[2022.03.07-11.38.50:742][  0]LogShaderCompilers: Cannot use XGE Shader Compiler as Incredibuild is not installed on this machine.
[2022.03.07-11.38.50:742][  0]LogShaderCompilers: Display: Using Local Shader Compiler.
[2022.03.07-11.38.51:454][  0]LogDerivedDataCache: Display: Max Cache Size: 512 MB
[2022.03.07-11.38.51:516][  0]LogDerivedDataCache: Loaded boot cache 0.06s 103MB C:/Users/guillermo.suarez/AppData/Local/UnrealEngine/4.27/DerivedDataCache/Boot.ddc.
[2022.03.07-11.38.51:516][  0]LogDerivedDataCache: Display: Loaded Boot cache: C:/Users/guillermo.suarez/AppData/Local/UnrealEngine/4.27/DerivedDataCache/Boot.ddc
[2022.03.07-11.38.51:516][  0]LogDerivedDataCache: FDerivedDataBackendGraph:  Pak pak cache file ../../../../../../Users/guillermo.suarez/Documents/GitHub/HowlOfIron/HowlOfIron/DerivedDataCache/DDC.ddp not found, will not use a pak cache.
[2022.03.07-11.38.51:516][  0]LogDerivedDataCache: Unable to find inner node Pak for hierarchical cache Hierarchy.
[2022.03.07-11.38.51:516][  0]LogDerivedDataCache: FDerivedDataBackendGraph:  CompressedPak pak cache file ../../../../../../Users/guillermo.suarez/Documents/GitHub/HowlOfIron/HowlOfIron/DerivedDataCache/Compressed.ddp not found, will not use a pak cache.
[2022.03.07-11.38.51:516][  0]LogDerivedDataCache: Unable to find inner node CompressedPak for hierarchical cache Hierarchy.
[2022.03.07-11.38.51:530][  0]LogDerivedDataCache: Display: Pak cache opened for reading ../../../Engine/DerivedDataCache/Compressed.ddp.
[2022.03.07-11.38.51:530][  0]LogDerivedDataCache: FDerivedDataBackendGraph:  EnterprisePak pak cache file ../../../Enterprise/DerivedDataCache/Compressed.ddp not found, will not use a pak cache.
[2022.03.07-11.38.51:530][  0]LogDerivedDataCache: Unable to find inner node EnterprisePak for hierarchical cache Hierarchy.
[2022.03.07-11.38.51:535][  0]LogDerivedDataCache: Speed tests for C:/Users/guillermo.suarez/AppData/Local/UnrealEngine/Common/DerivedDataCache took 0.00 seconds
[2022.03.07-11.38.51:535][  0]LogDerivedDataCache: Display: Performance to C:/Users/guillermo.suarez/AppData/Local/UnrealEngine/Common/DerivedDataCache: Latency=0.02ms. RandomReadSpeed=1757.78MBs, RandomWriteSpeed=245.77MBs. Assigned SpeedClass 'Local'
[2022.03.07-11.38.51:536][  0]LogDerivedDataCache: Using Local data cache path C:/Users/guillermo.suarez/AppData/Local/UnrealEngine/Common/DerivedDataCache: Writable
[2022.03.07-11.38.51:536][  0]LogDerivedDataCache: Shared data cache path not found in *engine.ini, will not use an Shared cache.
[2022.03.07-11.38.51:536][  0]LogDerivedDataCache: Unable to find inner node Shared for hierarchical cache Hierarchy.
[2022.03.07-11.38.51:583][  0]LogSlate: Using FreeType 2.10.0
[2022.03.07-11.38.51:584][  0]LogSlate: SlateFontServices - WITH_FREETYPE: 1, WITH_HARFBUZZ: 1
[2022.03.07-11.38.51:629][  0]LogAssetRegistry: FAssetRegistry took 0.0049 seconds to start up
[2022.03.07-11.38.51:865][  0]LogInit: Selected Device Profile: [Windows]
[2022.03.07-11.38.51:865][  0]LogInit: Active device profile: [00000239E5941100][00000239E412D500 49] Windows
[2022.03.07-11.38.51:865][  0]LogInit: Profiles: [00000239E5941100][00000239E412D500 49] Windows, [00000239E590A700][00000239E654D680 49] WindowsNoEditor, [00000239E5942200][00000239E61B1800 49] WindowsServer, [00000239E5909900][00000239E61B5980 49] WindowsClient, [00000239E5941700][00000239E61B9B00 49] IOS, [00000239E590A900][00000239E61BC100 49] iPadAir, [00000239E5943C00][00000239E644E280 49] iPadAir2, [00000239E58B9400][00000239E6456540 49] IPadPro, [00000239E58B9500][00000239E6452580 49] iPadAir3, [00000239E590BA00][00000239E645A700 49] iPadAir4, [00000239E58BA300][00000239E645E880 49] iPadMini2, [00000239E590B100][00000239E618C9C0 49] iPadMini3, [00000239E58BAF00][00000239E6462B00 49] iPadMini4, [00000239E5909E00][00000239E6904C40 49] iPadMini5, [00000239E58D9000][00000239E6910EC0 49] iPhone6, [00000239E58D9100][00000239E6908F00 49] iPodTouch6, [00000239E5943900][00000239E69191C0 49] iPhone7, [00000239E5942900][00000239E6915200 49] iPodTouch7, [00000239E58B9000][00000239E691D380 49] iPhone5S, [00000239E5942F00][00000239E6921500 49] iPhone6Plus, [00000239E58BB600][00000239E6925680 49] iPhone6S, [00000239E5940C00][00000239E6929800 49] iPhone6SPlus, [00000239E5941D00][00000239E692D980 49] iPhone7Plus, [00000239E58D8800][00000239E6931B00 49] iPhoneSE, [00000239E5940400][00000239E62E4100 49] iPhone8, [00000239E58D8900][00000239E62E8280 49] iPhone8Plus, [00000239E58DAE00][00000239E62EC400 49] iPhoneX, [00000239E58B9D00][00000239E62F0580 49] iPhoneXS, [00000239E58DA700][00000239E62F4700 49] iPhoneXSMax, [00000239E58B9C00][00000239E62F8880 49] iPhoneXR, [00000239E58DA800][00000239E62FCA00 49] iPhone11, [00000239E58B8F00][00000239E690CB40 49] iPhone11Pro, [00000239E58D8B00][00000239E6300C80 49] iPhone11ProMax, [00000239E58B8D00][00000239E6304DC0 49] iPhoneSE2, [00000239E58D8E00][00000239E6308F00 49] iPhone12Mini, [00000239E5943800][00000239E6311080 49] iPhone12, [00000239E58DB000][00000239E6315200 49] iPhone12Pro, [00000239E5943700][00000239E6319380 49] iPhone12ProMax, [00000239E58D9E00][00000239E631D500 49] iPadPro105, [00000239E5941300][00000239E6321680 49] iPadPro129, [00000239E58DBE00][00000239E6325800 49] iPadPro97, [00000239E5941C00][00000239DE863980 49] iPadPro2_129, [00000239E58DA000][00000239DE867B00 49] iPad5, [00000239E5942300][00000239DE86A100 49] iPad6, [00000239E58DBB00][00000239DE86E280 49] iPad7, [00000239E5941E00][00000239DE872400 49] iPad8, [00000239E58D8A00][00000239DE876580 49] iPadPro11, [00000239E5942600][00000239DE87A700 49] iPadPro2_11, [00000239E58D8F00][00000239DE87E880 49] iPadPro3_129, [00000239E5942800][00000239DE882A00 49] iPadPro4_129, [00000239E58DBC00][00000239DE886B80 49] AppleTV, [00000239E5941A00][00000239DE88AD00 49] AppleTV4K, [00000239E58DA600][00000239E630CE40 49] TVOS, [00000239E5942100][00000239DE88EF80 49] Mac, [00000239E58DAF00][00000239DE8930C0 49] MacClient, [00000239E5942A00][00000239DE89B240 49] MacNoEditor, [00000239E58DAC00][00000239DE89F3C0 49] MacServer, [00000239E5943000][00000239DE8A3540 49] Linux, [00000239E58D8400][00000239DE8A76C0 49] LinuxAArch64, [00000239E5940700][00000239DE8AB840 49] LinuxNoEditor, [00000239E58DB700][00000239DE8AF9C0 49] LinuxAArch64NoEditor, [00000239E5943B00][00000239DE8B3B40 49] LinuxClient, [00000239E58DB400][00000239DE8B6140 49] LinuxAArch64Client, [00000239E5943E00][00000239DE8BA2C0 49] LinuxServer, [00000239E58D8700][00000239DE8BE440 49] LinuxAArch64Server, [00000239E5941F00][00000239DE8C25C0 49] Android, [00000239E58DAA00][00000239DE8C6740 49] Android_Low, [00000239E5942D00][00000239DE8CA8C0 49] Android_Mid, [00000239E58D9F00][00000239E67A8A40 49] Android_High, [00000239E5942B00][00000239E67ACBC0 49] Android_Default, [00000239E58D8100][00000239E67B0D40 49] Android_Adreno4xx, [00000239E5940500][00000239E67B4EC0 49] Android_Adreno5xx_Low, [00000239E58D9400][00000239DE897000 49] Android_Adreno5xx, [00000239E5943400][00000239E67B9140 49] Android_Adreno6xx, [00000239E58DA300][00000239E67BD280 49] Android_Adreno6xx_Vulkan, [00000239E5943D00][00000239E67C13C0 49] Android_Mali_T6xx, [00000239E58D8200][00000239E67C9540 49] Android_Mali_T7xx, [00000239E5943600][00000239E67CD6C0 49] Android_Mali_T8xx, [00000239E58DB200][00000239E67D1840 49] Android_Mali_G71, [00000239E58BB100][00000239E67D59C0 49] Android_Mali_G72, [00000239E590AF00][00000239E67D9B40 49] Android_Mali_G72_Vulkan, [00000239E58BAB00][00000239E67DC140 49] Android_Mali_G76, [00000239E5908500][00000239E67E02C0 49] Android_Mali_G76_Vulkan, [00000239E58B8C00][00000239E67E4440 49] Android_Mali_G77, [00000239E5908600][00000239E67E85C0 49] Android_Mali_G77_Vulkan, [00000239E58BA400][00000239E67EC740 49] Android_Mali_G78, [00000239E5908D00][00000239E67F08C0 49] Android_Mali_G78_Vulkan, [00000239E58BBD00][00000239E67F4A40 49] Android_Mali_G710, [00000239E590AB00][00000239E67F8BC0 49] Android_Mali_G710_Vulkan, [00000239E58BAA00][00000239E67FCD40 49] Android_Vulkan_SM5, [00000239E5909A00][00000239E6800EC0 49] Android_PowerVR_G6xxx, [00000239E58B8500][00000239E6805040 49] Android_PowerVR_GT7xxx, [00000239E5908200][00000239E67C5180 49] Android_PowerVR_GE8xxx, [00000239E58BBB00][00000239E68092C0 49] Android_PowerVR_GM9xxx, [00000239E590A100][00000239E680D400 49] Android_PowerVR_GM9xxx_Vulkan, [00000239E58B9F00][00000239E6811540 49] Android_TegraK1, [00000239E5908A00][00000239E68196C0 49] Android_Unknown_Vulkan, [00000239E58BB900][00000239E681D840 49] Lumin, [00000239E5909100][00000239E68219C0 49] Lumin_Desktop, [00000239E58BA000][00000239E6825B40 49] HoloLens, 
[2022.03.07-11.38.51:979][  0]LogMeshReduction: Using QuadricMeshReduction for automatic static mesh reduction
[2022.03.07-11.38.51:979][  0]LogMeshReduction: Using SimplygonMeshReduction for automatic skeletal mesh reduction
[2022.03.07-11.38.51:979][  0]LogMeshReduction: Using ProxyLODMeshReduction for automatic mesh merging
[2022.03.07-11.38.51:979][  0]LogMeshReduction: No distributed automatic mesh merging module available
[2022.03.07-11.38.51:979][  0]LogMeshMerging: No distributed automatic mesh merging module available
[2022.03.07-11.38.52:007][  0]LogNetVersion: HowlOfIron 1.0.0, NetCL: 17155196, EngineNetVer: 17, GameNetVer: 0 (Checksum: 3610322472)
[2022.03.07-11.38.52:518][  0]LogTexture: Default maximum texture size for cubemaps generated from long-lat sources has been changed from 512 to unlimited. In order to preserve old behaiour for '/Engine/MapTemplates/Sky/DaylightAmbientCubemap.DaylightAmbientCubemap', its maximum texture size has been explicitly set to 512.
[2022.03.07-11.38.52:589][  0]LogHMD: PokeAHoleMaterial loaded successfully
[2022.03.07-11.38.52:594][  0]LogUObjectArray: 17178 objects as part of root set at end of initial load.
[2022.03.07-11.38.52:595][  0]LogUObjectAllocator: 4302048 out of 0 bytes used by permanent object pool.
[2022.03.07-11.38.52:595][  0]LogUObjectArray: CloseDisregardForGC: 0/0 objects in disregard for GC pool
[2022.03.07-11.38.52:835][  0]LogPython: Using Python 3.7.7
[2022.03.07-11.38.53:375][  0]LogNiagaraDebuggerClient: Niagara Debugger Client Initialized | Session: 77736FB549D9779DDF6C52B22DD126C9 | Instance: 4E12DFC6466BC010CB6C5CAC7451C230 (UTWKS0883-17088).
[2022.03.07-11.38.53:439][  0]LogImageWrapper: Warning: PNG Warning: Duplicate iCCP chunk
[2022.03.07-11.38.53:439][  0]LogImageWrapper: Warning: PNG Warning: Duplicate iCCP chunk
[2022.03.07-11.38.53:439][  0]LogTcpMessaging: Initializing TcpMessaging bridge
[2022.03.07-11.38.53:448][  0]LogUdpMessaging: Initializing bridge on interface 0.0.0.0:0 to multicast group 230.0.0.1:6666.
[2022.03.07-11.38.53:491][  0]LogStats: UGameplayTagsManager::InitializeManager -  0.000 s
[2022.03.07-11.38.53:887][  0]LogOpenImageDenoise: OIDN starting up
[2022.03.07-11.38.53:976][  0]LogAndroidPermission: UAndroidPermissionCallbackProxy::GetInstance
[2022.03.07-11.38.53:985][  0]LogAudioCaptureCore: Display: No Audio Capture implementations found. Audio input will be silent.
[2022.03.07-11.38.53:985][  0]LogAudioCaptureCore: Display: No Audio Capture implementations found. Audio input will be silent.
[2022.03.07-11.38.54:095][  0]SourceControl: Source control is disabled
[2022.03.07-11.38.54:095][  0]SourceControl: Source control is disabled
[2022.03.07-11.38.54:102][  0]SourceControl: Source control is disabled
[2022.03.07-11.38.54:104][  0]SourceControl: Source control is disabled
[2022.03.07-11.38.54:107][  0]SourceControl: Source control is disabled
[2022.03.07-11.38.54:112][  0]LogUProjectInfo: Found projects:
[2022.03.07-11.38.54:170][  0]LogCollectionManager: Loaded 0 collections in 0.001498 seconds
[2022.03.07-11.38.54:197][  0]LogFileCache: Scanning file cache for directory 'C:/Users/guillermo.suarez/Documents/GitHub/HowlOfIron/HowlOfIron/Saved/Collections/' took 0.00s
[2022.03.07-11.38.54:197][  0]LogFileCache: Scanning file cache for directory 'C:/Users/guillermo.suarez/Documents/GitHub/HowlOfIron/HowlOfIron/Content/Developers/guillermosuarez/Collections/' took 0.00s
[2022.03.07-11.38.54:197][  0]LogFileCache: Scanning file cache for directory 'C:/Users/guillermo.suarez/Documents/GitHub/HowlOfIron/HowlOfIron/Content/Collections/' took 0.00s
[2022.03.07-11.38.54:197][  0]LogOcInput: OculusInput pre-init called
[2022.03.07-11.38.54:556][  0]LogImageWrapper: Warning: PNG Warning: Duplicate iCCP chunk
[2022.03.07-11.38.54:556][  0]LogImageWrapper: Warning: PNG Warning: Duplicate iCCP chunk
[2022.03.07-11.38.54:653][  0]LogEngine: Initializing Engine...
[2022.03.07-11.38.54:655][  0]LogHMD: Failed to enumerate extensions. Please check that you have a valid OpenXR runtime installed.
[2022.03.07-11.38.54:655][  0]LogHMD: Failed to initialize OpenVR with code 110
[2022.03.07-11.38.54:655][  0]LogMagicLeap: Warning: VR disabled because ZI is not enabled.  To enable, in the editor, Edit -> Project Settings -> Plugins -> Magic Leap Plugin -> Enable Zero Iteration
[2022.03.07-11.38.54:784][  0]LogInit: Initializing FReadOnlyCVARCache
[2022.03.07-11.38.54:796][  0]LogAIModule: Creating AISystem for world Untitled
[2022.03.07-11.38.54:797][  0]LogAudio: Display: Initializing Audio Device Manager...
[2022.03.07-11.38.54:800][  0]LogAudio: Display: Loading Default Audio Settings Objects...
[2022.03.07-11.38.54:801][  0]LogAudio: Display: No default SoundConcurrencyObject specified (or failed to load).
[2022.03.07-11.38.54:802][  0]LogAudio: Display: Audio Device Manager Initialized
[2022.03.07-11.38.54:802][  0]LogAudio: Display: Creating Audio Device:                 Id: 1, Scope: Shared, Realtime: True
[2022.03.07-11.38.54:802][  0]LogAudioMixer: Display: Audio Mixer Platform Settings:
[2022.03.07-11.38.54:802][  0]LogAudioMixer: Display: 	Sample Rate:						  48000
[2022.03.07-11.38.54:802][  0]LogAudioMixer: Display: 	Callback Buffer Frame Size Requested: 1024
[2022.03.07-11.38.54:802][  0]LogAudioMixer: Display: 	Callback Buffer Frame Size To Use:	  1024
[2022.03.07-11.38.54:802][  0]LogAudioMixer: Display: 	Number of buffers to queue:			  2
[2022.03.07-11.38.54:802][  0]LogAudioMixer: Display: 	Max Channels (voices):				  32
[2022.03.07-11.38.54:802][  0]LogAudioMixer: Display: 	Number of Async Source Workers:		  0
[2022.03.07-11.38.54:802][  0]LogAudio: Display: AudioDevice MaxSources: 32
[2022.03.07-11.38.54:803][  0]LogAudio: Display: Audio Spatialization Plugin: None (built-in).
[2022.03.07-11.38.54:803][  0]LogAudio: Display: Audio Reverb Plugin: None (built-in).
[2022.03.07-11.38.54:803][  0]LogAudio: Display: Audio Occlusion Plugin: None (built-in).
[2022.03.07-11.38.54:803][  0]LogAudioMixer: Display: Initializing audio mixer.
[2022.03.07-11.38.54:817][  0]LogAudioMixer: Display: 0: FrontLeft
[2022.03.07-11.38.54:817][  0]LogAudioMixer: Display: 1: FrontRight
[2022.03.07-11.38.55:075][  0]LogAudioMixer: Display: Using Audio Device Speakers / Headphones (Realtek Audio)
[2022.03.07-11.38.55:082][  0]LogAudioMixer: Display: Initializing Sound Submixes...
[2022.03.07-11.38.55:083][  0]LogAudioMixer: Display: Creating Master Submix 'MasterSubmixDefault'
[2022.03.07-11.38.55:084][  0]LogAudioMixer: Display: Creating Master Submix 'MasterReverbSubmixDefault'
[2022.03.07-11.38.55:086][  0]LogAudioMixer: Display: Creating Master Submix 'MasterEQSubmixDefault'
[2022.03.07-11.38.55:086][  0]LogAudioMixer: FMixerPlatformXAudio2::StartAudioStream() called
[2022.03.07-11.38.55:086][  0]LogAudioMixer: Display: Output buffers initialized: Frames=1024, Channels=2, Samples=2048
[2022.03.07-11.38.55:087][  0]LogAudioMixer: Display: Starting AudioMixerPlatformInterface::RunInternal()
[2022.03.07-11.38.55:087][  0]LogAudioMixer: Display: FMixerPlatformXAudio2::SubmitBuffer() called for the first time
[2022.03.07-11.38.55:087][  0]LogInit: FAudioDevice initialized.
[2022.03.07-11.38.55:087][  0]LogAudio: Display: Audio Device (ID: 1) registered with world 'Untitled'.
[2022.03.07-11.38.55:088][  0]LogNetVersion: Set ProjectVersion to 1.0.0.0. Version Checksum will be recalculated on next use.
[2022.03.07-11.38.55:141][  0]LogDerivedDataCache: Saved boot cache 0.05s 103MB C:/Users/guillermo.suarez/AppData/Local/UnrealEngine/4.27/DerivedDataCache/Boot.ddc.
[2022.03.07-11.38.55:142][  0]LogInit: Texture streaming: Enabled
[2022.03.07-11.38.55:151][  0]LogAnalytics: Display: [UEEditor.Rocket.Release] APIServer = https://datarouter.ol.epicgames.com/. AppVersion = 4.27.2-18319896+++UE4+Release-4.27
[2022.03.07-11.38.55:155][  0]LogEngineSessionManager: EngineSessionManager initialized
[2022.03.07-11.38.55:155][  0]LogEngineSessionManager: EngineSessionManager sent abnormal shutdown report. Type=Crashed, SessionId={2D8E21CA-4A8C-AFDE-E546-D2B0B51C8268}
[2022.03.07-11.38.55:155][  0]LogEditorSessionSummary: Verbose: Initializing EditorSessionSummaryWriter for editor session tracking
[2022.03.07-11.38.55:157][  0]LogEditorSessionSummary: EditorSessionSummaryWriter initialized
[2022.03.07-11.38.55:184][  0]LogInit: Transaction tracking system initialized
[2022.03.07-11.38.55:203][  0]BlueprintLog: New page: Editor Load
[2022.03.07-11.38.55:251][  0]LocalizationService: Localization service is disabled
[2022.03.07-11.38.55:269][  0]TimingProfiler: Initialize
[2022.03.07-11.38.55:269][  0]TimingProfiler: OnSessionChanged
[2022.03.07-11.38.55:269][  0]LoadingProfiler: Initialize
[2022.03.07-11.38.55:269][  0]LoadingProfiler: OnSessionChanged
[2022.03.07-11.38.55:269][  0]NetworkingProfiler: Initialize
[2022.03.07-11.38.55:269][  0]NetworkingProfiler: OnSessionChanged
[2022.03.07-11.38.55:269][  0]MemoryProfiler: Initialize
[2022.03.07-11.38.55:269][  0]MemoryProfiler: OnSessionChanged
[2022.03.07-11.38.55:409][  0]LogCook: Display: CookSettings for Memory: MemoryMaxUsedVirtual 0MiB, MemoryMaxUsedPhysical 16384MiB, MemoryMinFreeVirtual 0MiB, MemoryMinFreePhysical 1024MiB
[2022.03.07-11.38.55:409][  0]LogCook: Display: Mobile HDR setting 1
[2022.03.07-11.38.55:443][  0]LogFileCache: Scanning file cache for directory 'C:/Users/guillermo.suarez/Documents/GitHub/HowlOfIron/HowlOfIron/Content/' took 0.00s
[2022.03.07-11.38.55:443][  0]LogStats: FGameplayAbilitiesEditorModule::GameplayTagTreeChanged -  0.000 s
[2022.03.07-11.38.55:837][  0]LogImageWrapper: Warning: PNG Warning: Duplicate iCCP chunk
[2022.03.07-11.38.55:837][  0]LogImageWrapper: Warning: PNG Warning: Duplicate iCCP chunk
[2022.03.07-11.38.55:844][  0]LogInit: Display: Engine is initialized. Leaving FEngineLoop::Init()
[2022.03.07-11.38.55:847][  0]SourceControl: Source control is disabled
[2022.03.07-11.38.55:847][  0]LogUnrealEdMisc: Loading editor; pre map load, took 7.513
[2022.03.07-11.38.55:847][  0]Cmd: MAP LOAD FILE="../../../../../../Users/guillermo.suarez/Documents/GitHub/HowlOfIron/HowlOfIron/Content/MAPS/tRIAL.umap" TEMPLATE=0 SHOWPROGRESS=1 FEATURELEVEL=3
[2022.03.07-11.38.55:847][  0]LightingResults: New page: Lighting Build
[2022.03.07-11.38.55:848][  0]LogWorld: UWorld::CleanupWorld for Untitled, bSessionEnded=true, bCleanupResources=true
[2022.03.07-11.38.55:848][  0]LogSlate: InvalidateAllWidgets triggered.  All widgets were invalidated
[2022.03.07-11.38.55:849][  0]MapCheck: New page: Map Check
[2022.03.07-11.38.55:849][  0]LightingResults: New page: Lighting Build
[2022.03.07-11.38.55:863][  0]LogAudio: Display: Audio Device unregistered from world 'None'.
[2022.03.07-11.38.55:866][  0]LogUObjectHash: Compacting FUObjectHashTables data took   0.85ms
[2022.03.07-11.38.55:905][  0]LogAudio: Display: Audio Device (ID: 1) registered with world 'Trial'.
[2022.03.07-11.38.55:906][  0]LogAIModule: Creating AISystem for world Trial
[2022.03.07-11.38.55:912][  0]LogEditorServer: Finished looking for orphan Actors (0.000 secs)
[2022.03.07-11.38.55:924][  0]LogUObjectHash: Compacting FUObjectHashTables data took   0.95ms
[2022.03.07-11.38.55:924][  0]Cmd: MAP CHECKDEP NOCLEARLOG
[2022.03.07-11.38.55:924][  0]MapCheck: Map check complete: 0 Error(s), 0 Warning(s), took 0,124ms to complete.
[2022.03.07-11.38.55:924][  0]LogFileHelpers: Loading map 'tRIAL' took 0.077
[2022.03.07-11.38.55:926][  0]LogUnrealEdMisc: Total Editor Startup Time, took 7.593
[2022.03.07-11.38.56:053][  0]LogSlate: Updating window title bar state: overlay mode, drag disabled, window buttons hidden, title bar hidden
[2022.03.07-11.38.56:058][  0]LogSlate: Updating window title bar state: overlay mode, drag disabled, window buttons hidden, title bar hidden
[2022.03.07-11.38.56:062][  0]LogSlate: Updating window title bar state: overlay mode, drag disabled, window buttons hidden, title bar hidden
[2022.03.07-11.38.56:067][  0]LogSlate: Updating window title bar state: overlay mode, drag disabled, window buttons hidden, title bar hidden
[2022.03.07-11.38.56:082][  0]LogNativeClassHierarchy: Verbose: Native class hierarchy populated in 0.0093 seconds. Added 3927 classes and 944 folders.
[2022.03.07-11.38.56:087][  0]LogNativeClassHierarchy: Verbose: Native class hierarchy updated for 'WidgetCarousel' in 0.0003 seconds. Added 0 classes and 0 folders.
[2022.03.07-11.38.56:089][  0]LogPakFile: PakFile PrimaryIndexSize=187
[2022.03.07-11.38.56:090][  0]LogPakFile: PakFile PathHashIndexSize=101
[2022.03.07-11.38.56:090][  0]LogPakFile: PakFile FullDirectoryIndexSize=148
[2022.03.07-11.38.56:090][  0]LogShaderLibrary: Display: ShaderCodeLibraryPakFileMountedCallback: PakFile 'C:/Program Files/Epic Games/UE_4.27/FeaturePacks/FP_FirstPerson.upack' (chunk index -1, root 'root:/') mounted
[2022.03.07-11.38.56:090][  0]LogShaderLibrary: Display: ShaderCodeLibraryPakFileMountedCallback: pending pak file info (ChunkID:-1 Root:root:/ File:C:/Program Files/Epic Games/UE_4.27/FeaturePacks/FP_FirstPerson.upack)
[2022.03.07-11.38.56:090][  0]LogPakFile: OnPakFileMounted2Time == 0.000052
[2022.03.07-11.38.56:090][  0]LogPakFile: PakFile PrimaryIndexSize=189
[2022.03.07-11.38.56:090][  0]LogPakFile: PakFile PathHashIndexSize=101
[2022.03.07-11.38.56:090][  0]LogPakFile: PakFile FullDirectoryIndexSize=152
[2022.03.07-11.38.56:090][  0]LogShaderLibrary: Display: ShaderCodeLibraryPakFileMountedCallback: PakFile 'C:/Program Files/Epic Games/UE_4.27/FeaturePacks/FP_FirstPersonBP.upack' (chunk index -1, root 'root:/') mounted
[2022.03.07-11.38.56:090][  0]LogShaderLibrary: Display: ShaderCodeLibraryPakFileMountedCallback: pending pak file info (ChunkID:-1 Root:root:/ File:C:/Program Files/Epic Games/UE_4.27/FeaturePacks/FP_FirstPersonBP.upack)
[2022.03.07-11.38.56:090][  0]LogPakFile: OnPakFileMounted2Time == 0.000034
[2022.03.07-11.38.56:091][  0]LogPakFile: PakFile PrimaryIndexSize=191
[2022.03.07-11.38.56:091][  0]LogPakFile: PakFile PathHashIndexSize=101
[2022.03.07-11.38.56:091][  0]LogPakFile: PakFile FullDirectoryIndexSize=160
[2022.03.07-11.38.56:091][  0]LogShaderLibrary: Display: ShaderCodeLibraryPakFileMountedCallback: PakFile 'C:/Program Files/Epic Games/UE_4.27/FeaturePacks/MobileStarterContent.upack' (chunk index -1, root 'root:/') mounted
[2022.03.07-11.38.56:091][  0]LogShaderLibrary: Display: ShaderCodeLibraryPakFileMountedCallback: pending pak file info (ChunkID:-1 Root:root:/ File:C:/Program Files/Epic Games/UE_4.27/FeaturePacks/MobileStarterContent.upack)
[2022.03.07-11.38.56:091][  0]LogPakFile: OnPakFileMounted2Time == 0.000029
[2022.03.07-11.38.56:091][  0]LogPakFile: PakFile PrimaryIndexSize=185
[2022.03.07-11.38.56:091][  0]LogPakFile: PakFile PathHashIndexSize=101
[2022.03.07-11.38.56:091][  0]LogPakFile: PakFile FullDirectoryIndexSize=148
[2022.03.07-11.38.56:091][  0]LogShaderLibrary: Display: ShaderCodeLibraryPakFileMountedCallback: PakFile 'C:/Program Files/Epic Games/UE_4.27/FeaturePacks/StarterContent.upack' (chunk index -1, root 'root:/') mounted
[2022.03.07-11.38.56:091][  0]LogShaderLibrary: Display: ShaderCodeLibraryPakFileMountedCallback: pending pak file info (ChunkID:-1 Root:root:/ File:C:/Program Files/Epic Games/UE_4.27/FeaturePacks/StarterContent.upack)
[2022.03.07-11.38.56:091][  0]LogPakFile: OnPakFileMounted2Time == 0.000030
[2022.03.07-11.38.56:091][  0]LogPakFile: PakFile PrimaryIndexSize=190
[2022.03.07-11.38.56:092][  0]LogPakFile: PakFile PathHashIndexSize=101
[2022.03.07-11.38.56:092][  0]LogPakFile: PakFile FullDirectoryIndexSize=154
[2022.03.07-11.38.56:092][  0]LogShaderLibrary: Display: ShaderCodeLibraryPakFileMountedCallback: PakFile 'C:/Program Files/Epic Games/UE_4.27/FeaturePacks/TP_2DSideScroller.upack' (chunk index -1, root 'root:/') mounted
[2022.03.07-11.38.56:092][  0]LogShaderLibrary: Display: ShaderCodeLibraryPakFileMountedCallback: pending pak file info (ChunkID:-1 Root:root:/ File:C:/Program Files/Epic Games/UE_4.27/FeaturePacks/TP_2DSideScroller.upack)
[2022.03.07-11.38.56:092][  0]LogPakFile: OnPakFileMounted2Time == 0.000029
[2022.03.07-11.38.56:092][  0]LogPakFile: PakFile PrimaryIndexSize=192
[2022.03.07-11.38.56:092][  0]LogPakFile: PakFile PathHashIndexSize=101
[2022.03.07-11.38.56:092][  0]LogPakFile: PakFile FullDirectoryIndexSize=158
[2022.03.07-11.38.56:092][  0]LogShaderLibrary: Display: ShaderCodeLibraryPakFileMountedCallback: PakFile 'C:/Program Files/Epic Games/UE_4.27/FeaturePacks/TP_2DSideScrollerBP.upack' (chunk index -1, root 'root:/') mounted
[2022.03.07-11.38.56:092][  0]LogShaderLibrary: Display: ShaderCodeLibraryPakFileMountedCallback: pending pak file info (ChunkID:-1 Root:root:/ File:C:/Program Files/Epic Games/UE_4.27/FeaturePacks/TP_2DSideScrollerBP.upack)
[2022.03.07-11.38.56:092][  0]LogPakFile: OnPakFileMounted2Time == 0.000028
[2022.03.07-11.38.56:092][  0]LogPakFile: PakFile PrimaryIndexSize=182
[2022.03.07-11.38.56:092][  0]LogPakFile: PakFile PathHashIndexSize=101
[2022.03.07-11.38.56:092][  0]LogPakFile: PakFile FullDirectoryIndexSize=138
[2022.03.07-11.38.56:092][  0]LogShaderLibrary: Display: ShaderCodeLibraryPakFileMountedCallback: PakFile 'C:/Program Files/Epic Games/UE_4.27/FeaturePacks/TP_Flying.upack' (chunk index -1, root 'root:/') mounted
[2022.03.07-11.38.56:092][  0]LogShaderLibrary: Display: ShaderCodeLibraryPakFileMountedCallback: pending pak file info (ChunkID:-1 Root:root:/ File:C:/Program Files/Epic Games/UE_4.27/FeaturePacks/TP_Flying.upack)
[2022.03.07-11.38.56:092][  0]LogPakFile: OnPakFileMounted2Time == 0.000026
[2022.03.07-11.38.56:093][  0]LogPakFile: PakFile PrimaryIndexSize=184
[2022.03.07-11.38.56:093][  0]LogPakFile: PakFile PathHashIndexSize=101
[2022.03.07-11.38.56:093][  0]LogPakFile: PakFile FullDirectoryIndexSize=142
[2022.03.07-11.38.56:093][  0]LogShaderLibrary: Display: ShaderCodeLibraryPakFileMountedCallback: PakFile 'C:/Program Files/Epic Games/UE_4.27/FeaturePacks/TP_FlyingBP.upack' (chunk index -1, root 'root:/') mounted
[2022.03.07-11.38.56:093][  0]LogShaderLibrary: Display: ShaderCodeLibraryPakFileMountedCallback: pending pak file info (ChunkID:-1 Root:root:/ File:C:/Program Files/Epic Games/UE_4.27/FeaturePacks/TP_FlyingBP.upack)
[2022.03.07-11.38.56:093][  0]LogPakFile: OnPakFileMounted2Time == 0.000025
[2022.03.07-11.38.56:093][  0]LogPakFile: PakFile PrimaryIndexSize=188
[2022.03.07-11.38.56:093][  0]LogPakFile: PakFile PathHashIndexSize=101
[2022.03.07-11.38.56:093][  0]LogPakFile: PakFile FullDirectoryIndexSize=150
[2022.03.07-11.38.56:093][  0]LogShaderLibrary: Display: ShaderCodeLibraryPakFileMountedCallback: PakFile 'C:/Program Files/Epic Games/UE_4.27/FeaturePacks/TP_HandheldARBP.upack' (chunk index -1, root 'root:/') mounted
[2022.03.07-11.38.56:093][  0]LogShaderLibrary: Display: ShaderCodeLibraryPakFileMountedCallback: pending pak file info (ChunkID:-1 Root:root:/ File:C:/Program Files/Epic Games/UE_4.27/FeaturePacks/TP_HandheldARBP.upack)
[2022.03.07-11.38.56:093][  0]LogPakFile: OnPakFileMounted2Time == 0.000028
[2022.03.07-11.38.56:094][  0]LogPakFile: PakFile PrimaryIndexSize=182
[2022.03.07-11.38.56:094][  0]LogPakFile: PakFile PathHashIndexSize=101
[2022.03.07-11.38.56:094][  0]LogPakFile: PakFile FullDirectoryIndexSize=138
[2022.03.07-11.38.56:094][  0]LogShaderLibrary: Display: ShaderCodeLibraryPakFileMountedCallback: PakFile 'C:/Program Files/Epic Games/UE_4.27/FeaturePacks/TP_Puzzle.upack' (chunk index -1, root 'root:/') mounted
[2022.03.07-11.38.56:094][  0]LogShaderLibrary: Display: ShaderCodeLibraryPakFileMountedCallback: pending pak file info (ChunkID:-1 Root:root:/ File:C:/Program Files/Epic Games/UE_4.27/FeaturePacks/TP_Puzzle.upack)
[2022.03.07-11.38.56:094][  0]LogPakFile: OnPakFileMounted2Time == 0.000032
[2022.03.07-11.38.56:094][  0]LogPakFile: PakFile PrimaryIndexSize=184
[2022.03.07-11.38.56:094][  0]LogPakFile: PakFile PathHashIndexSize=101
[2022.03.07-11.38.56:094][  0]LogPakFile: PakFile FullDirectoryIndexSize=142
[2022.03.07-11.38.56:094][  0]LogShaderLibrary: Display: ShaderCodeLibraryPakFileMountedCallback: PakFile 'C:/Program Files/Epic Games/UE_4.27/FeaturePacks/TP_PuzzleBP.upack' (chunk index -1, root 'root:/') mounted
[2022.03.07-11.38.56:094][  0]LogShaderLibrary: Display: ShaderCodeLibraryPakFileMountedCallback: pending pak file info (ChunkID:-1 Root:root:/ File:C:/Program Files/Epic Games/UE_4.27/FeaturePacks/TP_PuzzleBP.upack)
[2022.03.07-11.38.56:095][  0]LogPakFile: OnPakFileMounted2Time == 0.000042
[2022.03.07-11.38.56:095][  0]LogPakFile: PakFile PrimaryIndexSize=183
[2022.03.07-11.38.56:095][  0]LogPakFile: PakFile PathHashIndexSize=101
[2022.03.07-11.38.56:095][  0]LogPakFile: PakFile FullDirectoryIndexSize=140
[2022.03.07-11.38.56:095][  0]LogShaderLibrary: Display: ShaderCodeLibraryPakFileMountedCallback: PakFile 'C:/Program Files/Epic Games/UE_4.27/FeaturePacks/TP_Rolling.upack' (chunk index -1, root 'root:/') mounted
[2022.03.07-11.38.56:095][  0]LogShaderLibrary: Display: ShaderCodeLibraryPakFileMountedCallback: pending pak file info (ChunkID:-1 Root:root:/ File:C:/Program Files/Epic Games/UE_4.27/FeaturePacks/TP_Rolling.upack)
[2022.03.07-11.38.56:095][  0]LogPakFile: OnPakFileMounted2Time == 0.000031
[2022.03.07-11.38.56:095][  0]LogPakFile: PakFile PrimaryIndexSize=185
[2022.03.07-11.38.56:095][  0]LogPakFile: PakFile PathHashIndexSize=101
[2022.03.07-11.38.56:095][  0]LogPakFile: PakFile FullDirectoryIndexSize=144
[2022.03.07-11.38.56:095][  0]LogShaderLibrary: Display: ShaderCodeLibraryPakFileMountedCallback: PakFile 'C:/Program Files/Epic Games/UE_4.27/FeaturePacks/TP_RollingBP.upack' (chunk index -1, root 'root:/') mounted
[2022.03.07-11.38.56:095][  0]LogShaderLibrary: Display: ShaderCodeLibraryPakFileMountedCallback: pending pak file info (ChunkID:-1 Root:root:/ File:C:/Program Files/Epic Games/UE_4.27/FeaturePacks/TP_RollingBP.upack)
[2022.03.07-11.38.56:096][  0]LogPakFile: OnPakFileMounted2Time == 0.000038
[2022.03.07-11.38.56:096][  0]LogPakFile: PakFile PrimaryIndexSize=188
[2022.03.07-11.38.56:096][  0]LogPakFile: PakFile PathHashIndexSize=101
[2022.03.07-11.38.56:096][  0]LogPakFile: PakFile FullDirectoryIndexSize=150
[2022.03.07-11.38.56:096][  0]LogShaderLibrary: Display: ShaderCodeLibraryPakFileMountedCallback: PakFile 'C:/Program Files/Epic Games/UE_4.27/FeaturePacks/TP_SideScroller.upack' (chunk index -1, root 'root:/') mounted
[2022.03.07-11.38.56:096][  0]LogShaderLibrary: Display: ShaderCodeLibraryPakFileMountedCallback: pending pak file info (ChunkID:-1 Root:root:/ File:C:/Program Files/Epic Games/UE_4.27/FeaturePacks/TP_SideScroller.upack)
[2022.03.07-11.38.56:096][  0]LogPakFile: OnPakFileMounted2Time == 0.000041
[2022.03.07-11.38.56:096][  0]LogPakFile: PakFile PrimaryIndexSize=190
[2022.03.07-11.38.56:096][  0]LogPakFile: PakFile PathHashIndexSize=101
[2022.03.07-11.38.56:096][  0]LogPakFile: PakFile FullDirectoryIndexSize=154
[2022.03.07-11.38.56:097][  0]LogShaderLibrary: Display: ShaderCodeLibraryPakFileMountedCallback: PakFile 'C:/Program Files/Epic Games/UE_4.27/FeaturePacks/TP_SideScrollerBP.upack' (chunk index -1, root 'root:/') mounted
[2022.03.07-11.38.56:097][  0]LogShaderLibrary: Display: ShaderCodeLibraryPakFileMountedCallback: pending pak file info (ChunkID:-1 Root:root:/ File:C:/Program Files/Epic Games/UE_4.27/FeaturePacks/TP_SideScrollerBP.upack)
[2022.03.07-11.38.56:097][  0]LogPakFile: OnPakFileMounted2Time == 0.000036
[2022.03.07-11.38.56:097][  0]LogPakFile: PakFile PrimaryIndexSize=187
[2022.03.07-11.38.56:097][  0]LogPakFile: PakFile PathHashIndexSize=101
[2022.03.07-11.38.56:097][  0]LogPakFile: PakFile FullDirectoryIndexSize=148
[2022.03.07-11.38.56:097][  0]LogShaderLibrary: Display: ShaderCodeLibraryPakFileMountedCallback: PakFile 'C:/Program Files/Epic Games/UE_4.27/FeaturePacks/TP_ThirdPerson.upack' (chunk index -1, root 'root:/') mounted
[2022.03.07-11.38.56:097][  0]LogShaderLibrary: Display: ShaderCodeLibraryPakFileMountedCallback: pending pak file info (ChunkID:-1 Root:root:/ File:C:/Program Files/Epic Games/UE_4.27/FeaturePacks/TP_ThirdPerson.upack)
[2022.03.07-11.38.56:097][  0]LogPakFile: OnPakFileMounted2Time == 0.000031
[2022.03.07-11.38.56:097][  0]LogPakFile: PakFile PrimaryIndexSize=189
[2022.03.07-11.38.56:097][  0]LogPakFile: PakFile PathHashIndexSize=101
[2022.03.07-11.38.56:097][  0]LogPakFile: PakFile FullDirectoryIndexSize=152
[2022.03.07-11.38.56:098][  0]LogShaderLibrary: Display: ShaderCodeLibraryPakFileMountedCallback: PakFile 'C:/Program Files/Epic Games/UE_4.27/FeaturePacks/TP_ThirdPersonBP.upack' (chunk index -1, root 'root:/') mounted
[2022.03.07-11.38.56:098][  0]LogShaderLibrary: Display: ShaderCodeLibraryPakFileMountedCallback: pending pak file info (ChunkID:-1 Root:root:/ File:C:/Program Files/Epic Games/UE_4.27/FeaturePacks/TP_ThirdPersonBP.upack)
[2022.03.07-11.38.56:098][  0]LogPakFile: OnPakFileMounted2Time == 0.000043
[2022.03.07-11.38.56:098][  0]LogPakFile: PakFile PrimaryIndexSize=183
[2022.03.07-11.38.56:098][  0]LogPakFile: PakFile PathHashIndexSize=101
[2022.03.07-11.38.56:098][  0]LogPakFile: PakFile FullDirectoryIndexSize=140
[2022.03.07-11.38.56:098][  0]LogShaderLibrary: Display: ShaderCodeLibraryPakFileMountedCallback: PakFile 'C:/Program Files/Epic Games/UE_4.27/FeaturePacks/TP_TopDown.upack' (chunk index -1, root 'root:/') mounted
[2022.03.07-11.38.56:098][  0]LogShaderLibrary: Display: ShaderCodeLibraryPakFileMountedCallback: pending pak file info (ChunkID:-1 Root:root:/ File:C:/Program Files/Epic Games/UE_4.27/FeaturePacks/TP_TopDown.upack)
[2022.03.07-11.38.56:098][  0]LogPakFile: OnPakFileMounted2Time == 0.000041
[2022.03.07-11.38.56:099][  0]LogPakFile: PakFile PrimaryIndexSize=185
[2022.03.07-11.38.56:099][  0]LogPakFile: PakFile PathHashIndexSize=101
[2022.03.07-11.38.56:099][  0]LogPakFile: PakFile FullDirectoryIndexSize=144
[2022.03.07-11.38.56:099][  0]LogShaderLibrary: Display: ShaderCodeLibraryPakFileMountedCallback: PakFile 'C:/Program Files/Epic Games/UE_4.27/FeaturePacks/TP_TopDownBP.upack' (chunk index -1, root 'root:/') mounted
[2022.03.07-11.38.56:099][  0]LogShaderLibrary: Display: ShaderCodeLibraryPakFileMountedCallback: pending pak file info (ChunkID:-1 Root:root:/ File:C:/Program Files/Epic Games/UE_4.27/FeaturePacks/TP_TopDownBP.upack)
[2022.03.07-11.38.56:099][  0]LogPakFile: OnPakFileMounted2Time == 0.000037
[2022.03.07-11.38.56:099][  0]LogPakFile: PakFile PrimaryIndexSize=185
[2022.03.07-11.38.56:099][  0]LogPakFile: PakFile PathHashIndexSize=101
[2022.03.07-11.38.56:099][  0]LogPakFile: PakFile FullDirectoryIndexSize=144
[2022.03.07-11.38.56:099][  0]LogShaderLibrary: Display: ShaderCodeLibraryPakFileMountedCallback: PakFile 'C:/Program Files/Epic Games/UE_4.27/FeaturePacks/TP_TwinStick.upack' (chunk index -1, root 'root:/') mounted
[2022.03.07-11.38.56:099][  0]LogShaderLibrary: Display: ShaderCodeLibraryPakFileMountedCallback: pending pak file info (ChunkID:-1 Root:root:/ File:C:/Program Files/Epic Games/UE_4.27/FeaturePacks/TP_TwinStick.upack)
[2022.03.07-11.38.56:099][  0]LogPakFile: OnPakFileMounted2Time == 0.000031
[2022.03.07-11.38.56:100][  0]LogPakFile: PakFile PrimaryIndexSize=187
[2022.03.07-11.38.56:100][  0]LogPakFile: PakFile PathHashIndexSize=101
[2022.03.07-11.38.56:100][  0]LogPakFile: PakFile FullDirectoryIndexSize=148
[2022.03.07-11.38.56:100][  0]LogShaderLibrary: Display: ShaderCodeLibraryPakFileMountedCallback: PakFile 'C:/Program Files/Epic Games/UE_4.27/FeaturePacks/TP_TwinStickBP.upack' (chunk index -1, root 'root:/') mounted
[2022.03.07-11.38.56:100][  0]LogShaderLibrary: Display: ShaderCodeLibraryPakFileMountedCallback: pending pak file info (ChunkID:-1 Root:root:/ File:C:/Program Files/Epic Games/UE_4.27/FeaturePacks/TP_TwinStickBP.upack)
[2022.03.07-11.38.56:100][  0]LogPakFile: OnPakFileMounted2Time == 0.000031
[2022.03.07-11.38.56:100][  0]LogPakFile: PakFile PrimaryIndexSize=183
[2022.03.07-11.38.56:100][  0]LogPakFile: PakFile PathHashIndexSize=101
[2022.03.07-11.38.56:100][  0]LogPakFile: PakFile FullDirectoryIndexSize=140
[2022.03.07-11.38.56:100][  0]LogShaderLibrary: Display: ShaderCodeLibraryPakFileMountedCallback: PakFile 'C:/Program Files/Epic Games/UE_4.27/FeaturePacks/TP_Vehicle.upack' (chunk index -1, root 'root:/') mounted
[2022.03.07-11.38.56:100][  0]LogShaderLibrary: Display: ShaderCodeLibraryPakFileMountedCallback: pending pak file info (ChunkID:-1 Root:root:/ File:C:/Program Files/Epic Games/UE_4.27/FeaturePacks/TP_Vehicle.upack)
[2022.03.07-11.38.56:100][  0]LogPakFile: OnPakFileMounted2Time == 0.000034
[2022.03.07-11.38.56:101][  0]LogPakFile: PakFile PrimaryIndexSize=186
[2022.03.07-11.38.56:101][  0]LogPakFile: PakFile PathHashIndexSize=101
[2022.03.07-11.38.56:101][  0]LogPakFile: PakFile FullDirectoryIndexSize=146
[2022.03.07-11.38.56:101][  0]LogShaderLibrary: Display: ShaderCodeLibraryPakFileMountedCallback: PakFile 'C:/Program Files/Epic Games/UE_4.27/FeaturePacks/TP_VehicleAdv.upack' (chunk index -1, root 'root:/') mounted
[2022.03.07-11.38.56:101][  0]LogShaderLibrary: Display: ShaderCodeLibraryPakFileMountedCallback: pending pak file info (ChunkID:-1 Root:root:/ File:C:/Program Files/Epic Games/UE_4.27/FeaturePacks/TP_VehicleAdv.upack)
[2022.03.07-11.38.56:101][  0]LogPakFile: OnPakFileMounted2Time == 0.000032
[2022.03.07-11.38.56:101][  0]LogPakFile: PakFile PrimaryIndexSize=188
[2022.03.07-11.38.56:101][  0]LogPakFile: PakFile PathHashIndexSize=101
[2022.03.07-11.38.56:101][  0]LogPakFile: PakFile FullDirectoryIndexSize=150
[2022.03.07-11.38.56:101][  0]LogShaderLibrary: Display: ShaderCodeLibraryPakFileMountedCallback: PakFile 'C:/Program Files/Epic Games/UE_4.27/FeaturePacks/TP_VehicleAdvBP.upack' (chunk index -1, root 'root:/') mounted
[2022.03.07-11.38.56:101][  0]LogShaderLibrary: Display: ShaderCodeLibraryPakFileMountedCallback: pending pak file info (ChunkID:-1 Root:root:/ File:C:/Program Files/Epic Games/UE_4.27/FeaturePacks/TP_VehicleAdvBP.upack)
[2022.03.07-11.38.56:101][  0]LogPakFile: OnPakFileMounted2Time == 0.000031
[2022.03.07-11.38.56:102][  0]LogPakFile: PakFile PrimaryIndexSize=185
[2022.03.07-11.38.56:102][  0]LogPakFile: PakFile PathHashIndexSize=101
[2022.03.07-11.38.56:102][  0]LogPakFile: PakFile FullDirectoryIndexSize=144
[2022.03.07-11.38.56:102][  0]LogShaderLibrary: Display: ShaderCodeLibraryPakFileMountedCallback: PakFile 'C:/Program Files/Epic Games/UE_4.27/FeaturePacks/TP_VehicleBP.upack' (chunk index -1, root 'root:/') mounted
[2022.03.07-11.38.56:102][  0]LogShaderLibrary: Display: ShaderCodeLibraryPakFileMountedCallback: pending pak file info (ChunkID:-1 Root:root:/ File:C:/Program Files/Epic Games/UE_4.27/FeaturePacks/TP_VehicleBP.upack)
[2022.03.07-11.38.56:102][  0]LogPakFile: OnPakFileMounted2Time == 0.000032
[2022.03.07-11.38.56:102][  0]LogPakFile: PakFile PrimaryIndexSize=192
[2022.03.07-11.38.56:102][  0]LogPakFile: PakFile PathHashIndexSize=101
[2022.03.07-11.38.56:102][  0]LogPakFile: PakFile FullDirectoryIndexSize=158
[2022.03.07-11.38.56:102][  0]LogShaderLibrary: Display: ShaderCodeLibraryPakFileMountedCallback: PakFile 'C:/Program Files/Epic Games/UE_4.27/FeaturePacks/TP_VirtualRealityBP.upack' (chunk index -1, root 'root:/') mounted
[2022.03.07-11.38.56:102][  0]LogShaderLibrary: Display: ShaderCodeLibraryPakFileMountedCallback: pending pak file info (ChunkID:-1 Root:root:/ File:C:/Program Files/Epic Games/UE_4.27/FeaturePacks/TP_VirtualRealityBP.upack)
[2022.03.07-11.38.56:102][  0]LogPakFile: OnPakFileMounted2Time == 0.000032
[2022.03.07-11.38.56:134][  0]LogNativeClassHierarchy: Verbose: Native class hierarchy updated for 'AddContentDialog' in 0.0003 seconds. Added 0 classes and 0 folders.
[2022.03.07-11.38.56:140][  0]LogNativeClassHierarchy: Verbose: Native class hierarchy updated for 'SceneOutliner' in 0.0003 seconds. Added 2 classes and 0 folders.
[2022.03.07-11.38.56:224][  0]LogSlate: Took 0.000128 seconds to synchronously load lazily loaded font '../../../Engine/Content/Slate/Fonts/Roboto-Regular.ttf' (155K)
[2022.03.07-11.38.56:225][  0]LogSlate: Took 0.000112 seconds to synchronously load lazily loaded font '../../../Engine/Content/Editor/Slate/Fonts/FontAwesome.ttf' (139K)
[2022.03.07-11.38.56:226][  0]LogSlate: Took 0.000117 seconds to synchronously load lazily loaded font '../../../Engine/Content/Slate/Fonts/Roboto-Bold.ttf' (160K)
[2022.03.07-11.38.56:301][  0]LogRenderer: Reallocating scene render targets to support 1128x652 Format 10 NumSamples 1 (Frame:1).
[2022.03.07-11.38.56:388][  0]LogNativeClassHierarchy: Verbose: Native class hierarchy updated for 'HierarchicalLODOutliner' in 0.0003 seconds. Added 0 classes and 0 folders.
[2022.03.07-11.38.56:389][  0]LogInput: Warning: Action Jump uses invalid key OculusGo_Left_Trigger_Click.
[2022.03.07-11.38.56:389][  0]LogInput: Warning: Action ResetVR uses invalid key OculusGo_Left_Trackpad_Click.
[2022.03.07-11.38.56:389][  0]LogInput: Warning: Use -RemoveInvalidKeys to remove instances of these keys from the action mapping.
[2022.03.07-11.38.56:389][  0]LogLoad: (Engine Initialization) Total time: 8.05 seconds
[2022.03.07-11.38.56:389][  0]LogLoad: (Engine Initialization) Total Blueprint compile time: 0.00 seconds
[2022.03.07-11.38.56:433][  0]LogAssetRegistry: Asset discovery search completed in 4.8062 seconds
[2022.03.07-11.38.56:438][  0]LogCollectionManager: Fixed up redirectors for 0 collections in 0.000004 seconds (updated 0 objects)
[2022.03.07-11.38.56:440][  0]LogContentStreaming: Texture pool size now 1000 MB
[2022.03.07-11.38.59:643][132]LogTemp: Repeating last play command: New Editor Window (PIE)
[2022.03.07-11.38.59:647][132]LogPlayLevel: PlayLevel: No blueprints needed recompiling
[2022.03.07-11.38.59:647][132]PIE: New page: PIE session: tRIAL (7 mar. 2022 13:38:59)
[2022.03.07-11.38.59:648][132]LogOnline: OSS: Creating online subsystem instance for: NULL
[2022.03.07-11.38.59:649][132]LogOnline: OSS: TryLoadSubsystemAndSetDefault: Loaded subsystem for module [NULL]
[2022.03.07-11.38.59:650][132]LogPlayLevel: Creating play world package: /Game/MAPS/UEDPIE_0_tRIAL
[2022.03.07-11.38.59:652][132]LogPlayLevel: PIE: StaticDuplicateObject took: (0.002462s)
[2022.03.07-11.38.59:653][132]LogAIModule: Creating AISystem for world Trial
[2022.03.07-11.38.59:653][132]LogPlayLevel: PIE: World Init took: (0.001085s)
[2022.03.07-11.38.59:653][132]LogPlayLevel: PIE: Created PIE world by copying editor world from /Game/MAPS/tRIAL.Trial to /Game/MAPS/UEDPIE_0_tRIAL.Trial (0.003672s)
[2022.03.07-11.38.59:672][132]LogUObjectHash: Compacting FUObjectHashTables data took   0.66ms
[2022.03.07-11.38.59:673][132]LogAudio: Display: Creating Audio Device:                 Id: 2, Scope: Unique, Realtime: True
[2022.03.07-11.38.59:673][132]LogAudioMixer: Display: Audio Mixer Platform Settings:
[2022.03.07-11.38.59:673][132]LogAudioMixer: Display: 	Sample Rate:						  48000
[2022.03.07-11.38.59:673][132]LogAudioMixer: Display: 	Callback Buffer Frame Size Requested: 1024
[2022.03.07-11.38.59:673][132]LogAudioMixer: Display: 	Callback Buffer Frame Size To Use:	  1024
[2022.03.07-11.38.59:673][132]LogAudioMixer: Display: 	Number of buffers to queue:			  2
[2022.03.07-11.38.59:673][132]LogAudioMixer: Display: 	Max Channels (voices):				  32
[2022.03.07-11.38.59:673][132]LogAudioMixer: Display: 	Number of Async Source Workers:		  0
[2022.03.07-11.38.59:673][132]LogAudio: Display: AudioDevice MaxSources: 32
[2022.03.07-11.38.59:674][132]LogAudio: Display: Audio Spatialization Plugin: None (built-in).
[2022.03.07-11.38.59:674][132]LogAudio: Display: Audio Reverb Plugin: None (built-in).
[2022.03.07-11.38.59:674][132]LogAudio: Display: Audio Occlusion Plugin: None (built-in).
[2022.03.07-11.38.59:674][132]LogAudioMixer: Display: Initializing audio mixer.
[2022.03.07-11.38.59:675][132]LogAudioMixer: Display: 0: FrontLeft
[2022.03.07-11.38.59:675][132]LogAudioMixer: Display: 1: FrontRight
[2022.03.07-11.38.59:757][132]LogAudioMixer: Display: Using Audio Device Speakers / Headphones (Realtek Audio)
[2022.03.07-11.38.59:758][132]LogAudioMixer: Display: Initializing Sound Submixes...
[2022.03.07-11.38.59:758][132]LogAudioMixer: Display: Creating Master Submix 'MasterSubmixDefault'
[2022.03.07-11.38.59:758][132]LogAudioMixer: Display: Creating Master Submix 'MasterReverbSubmixDefault'
[2022.03.07-11.38.59:758][132]LogAudioMixer: Display: Creating Master Submix 'MasterEQSubmixDefault'
[2022.03.07-11.38.59:758][132]LogAudioMixer: FMixerPlatformXAudio2::StartAudioStream() called
[2022.03.07-11.38.59:758][132]LogAudioMixer: Display: Output buffers initialized: Frames=1024, Channels=2, Samples=2048
[2022.03.07-11.38.59:760][132]LogAudioMixer: Display: Starting AudioMixerPlatformInterface::RunInternal()
[2022.03.07-11.38.59:760][132]LogAudioMixer: Display: FMixerPlatformXAudio2::SubmitBuffer() called for the first time
[2022.03.07-11.38.59:760][132]LogInit: FAudioDevice initialized.
[2022.03.07-11.38.59:760][132]LogAudio: Display: Audio Device (ID: 2) registered with world 'Trial'.
[2022.03.07-11.38.59:801][132]LogSlate: Updating window title bar state: overlay mode, drag disabled, window buttons hidden, title bar hidden
[2022.03.07-11.38.59:802][132]LogLoad: Game class is 'HowlOfIronGameMode'
[2022.03.07-11.38.59:804][132]LogWorld: Bringing World /Game/MAPS/UEDPIE_0_tRIAL.Trial up for play (max tick rate 0) at 2022.03.07-12.38.59
[2022.03.07-11.38.59:804][132]LogWorld: Bringing up level for play took: 0.001073
[2022.03.07-11.38.59:804][132]LogOnline: OSS: Creating online subsystem instance for: :Context_1
[2022.03.07-11.38.59:817][132]LogNativeClassHierarchy: Verbose: Native class hierarchy updated for 'MovieSceneCapture' in 0.0006 seconds. Added 20 classes and 0 folders.
[2022.03.07-11.38.59:821][132]LogOutputDevice: Warning: 

Script Stack (0 frames):

[2022.03.07-11.38.59:821][132]LogWindows: Windows GetLastError: The operation completed successfully. (0)
[2022.03.07-11.39.01:182][132]LogWindows: Error: === Critical error: ===
[2022.03.07-11.39.01:182][132]LogWindows: Error: 
[2022.03.07-11.39.01:182][132]LogWindows: Error: Fatal error: [File:D:/Build/++UE4/Sync/Engine/Source/Runtime/CoreUObject/Private/UObject/Obj.cpp] [Line: 113] 
[2022.03.07-11.39.01:182][132]LogWindows: Error: No object initializer found during construction.
[2022.03.07-11.39.01:182][132]LogWindows: Error: 
[2022.03.07-11.39.01:183][132]LogWindows: Error: 
[2022.03.07-11.39.01:183][132]LogWindows: Error: [Callstack] 0x00007ff854f24f69 KERNELBASE.dll!UnknownFunction []
[2022.03.07-11.39.01:183][132]LogWindows: Error: [Callstack] 0x00007fffd3a30216 UE4Editor-Core.dll!UnknownFunction []
[2022.03.07-11.39.01:183][132]LogWindows: Error: [Callstack] 0x00007fffd3a34218 UE4Editor-Core.dll!UnknownFunction []
[2022.03.07-11.39.01:183][132]LogWindows: Error: [Callstack] 0x00007fffd375242d UE4Editor-Core.dll!UnknownFunction []
[2022.03.07-11.39.01:183][132]LogWindows: Error: [Callstack] 0x00007fffd2f70140 UE4Editor-CoreUObject.dll!UnknownFunction []
[2022.03.07-11.39.01:183][132]LogWindows: Error: [Callstack] 0x00007fffb3093be6 UE4Editor-HowlOfIron-0522.dll!AHowlOfIronCharacter::BeginPlay() [C:\Users\guillermo.suarez\Documents\GitHub\HowlOfIron\HowlOfIron\Source\HowlOfIron\HowlOfIronCharacter.cpp:57]
[2022.03.07-11.39.01:183][132]LogWindows: Error: [Callstack] 0x00007fffcfd40c1f UE4Editor-Engine.dll!UnknownFunction []
[2022.03.07-11.39.01:183][132]LogWindows: Error: [Callstack] 0x00007fffd114ba95 UE4Editor-Engine.dll!UnknownFunction []
[2022.03.07-11.39.01:183][132]LogWindows: Error: [Callstack] 0x00007fffd048ca31 UE4Editor-Engine.dll!UnknownFunction []
[2022.03.07-11.39.01:183][132]LogWindows: Error: [Callstack] 0x00007fffd10efb3e UE4Editor-Engine.dll!UnknownFunction []
[2022.03.07-11.39.01:183][132]LogWindows: Error: [Callstack] 0x00007fffd04aeb09 UE4Editor-Engine.dll!UnknownFunction []
[2022.03.07-11.39.01:183][132]LogWindows: Error: [Callstack] 0x00007fffcdc02c45 UE4Editor-UnrealEd.dll!UnknownFunction []
[2022.03.07-11.39.01:183][132]LogWindows: Error: [Callstack] 0x00007fffcdc2622f UE4Editor-UnrealEd.dll!UnknownFunction []
[2022.03.07-11.39.01:183][132]LogWindows: Error: [Callstack] 0x00007fffcdc0397d UE4Editor-UnrealEd.dll!UnknownFunction []
[2022.03.07-11.39.01:183][132]LogWindows: Error: [Callstack] 0x00007fffcdc43772 UE4Editor-UnrealEd.dll!UnknownFunction []
[2022.03.07-11.39.01:183][132]LogWindows: Error: [Callstack] 0x00007fffcdc46d31 UE4Editor-UnrealEd.dll!UnknownFunction []
[2022.03.07-11.39.01:183][132]LogWindows: Error: [Callstack] 0x00007fffcdc465f8 UE4Editor-UnrealEd.dll!UnknownFunction []
[2022.03.07-11.39.01:183][132]LogWindows: Error: [Callstack] 0x00007fffcd6a0c8c UE4Editor-UnrealEd.dll!UnknownFunction []
[2022.03.07-11.39.01:183][132]LogWindows: Error: [Callstack] 0x00007fffcdfa2ba6 UE4Editor-UnrealEd.dll!UnknownFunction []
[2022.03.07-11.39.01:183][132]LogWindows: Error: [Callstack] 0x00007ff64cad87a0 UE4Editor.exe!UnknownFunction []
[2022.03.07-11.39.01:183][132]LogWindows: Error: [Callstack] 0x00007ff64caf0fcc UE4Editor.exe!UnknownFunction []
[2022.03.07-11.39.01:183][132]LogWindows: Error: [Callstack] 0x00007ff64caf10ba UE4Editor.exe!UnknownFunction []
[2022.03.07-11.39.01:183][132]LogWindows: Error: [Callstack] 0x00007ff64caf40dd UE4Editor.exe!UnknownFunction []
[2022.03.07-11.39.01:183][132]LogWindows: Error: [Callstack] 0x00007ff64cb05984 UE4Editor.exe!UnknownFunction []
[2022.03.07-11.39.01:183][132]LogWindows: Error: [Callstack] 0x00007ff64cb0853a UE4Editor.exe!UnknownFunction []
[2022.03.07-11.39.01:183][132]LogWindows: Error: [Callstack] 0x00007ff857247034 KERNEL32.DLL!UnknownFunction []
[2022.03.07-11.39.01:183][132]LogWindows: Error: [Callstack] 0x00007ff857782651 ntdll.dll!UnknownFunction []
[2022.03.07-11.39.01:183][132]LogWindows: Error: 
[2022.03.07-11.39.01:191][132]LogExit: Executing StaticShutdownAfterError
[2022.03.07-11.39.01:193][132]LogWindows: FPlatformMisc::RequestExit(1)
[2022.03.07-11.39.01:193][132]LogWindows: FPlatformMisc::RequestExitWithStatus(1, 3)
[2022.03.07-11.39.01:193][132]LogCore: Engine exit requested (reason: Win RequestExit)
[2022.03.07-11.39.01:201][132]Log file closed, 03/07/22 12:39:01
